<?xml version="1.0" encoding="UTF-8"?>
<coverage generated="1468732963498" clover="3.2.0">
	<project timestamp="1468732963498"  name="All Files" >
		<metrics statements="275"  coveredstatements="226"  conditionals="215"  coveredconditionals="98"  methods="95"  coveredmethods="58"  elements="585"  coveredelements="382"  complexity="0"  packages="15"  files="16"  classes="16"  loc="796"  ncloc="796" />
		<package name="__mocks__" >
			<metrics statements="48"  coveredstatements="48"  conditionals="35"  coveredconditionals="17"  methods="19"  coveredmethods="10" />
			<file name="react-native.js"  path="/Users/kentor/GitProjects/jsair/ReactNativeApp/__mocks__/react-native.js" >
				<metrics statements="48"  coveredstatements="48"  conditionals="35"  coveredconditionals="17"  methods="19"  coveredmethods="10" />
				<line num="1"  count="27"  type="cond"  truecount="8"  falsecount="4" />
				<line num="3"  count="18"  type="cond"  truecount="9"  falsecount="14" />
				<line num="4"  count="9"  type="stmt" />
				<line num="6"  count="9"  type="stmt" />
				<line num="8"  count="2"  type="stmt" />
				<line num="14"  count="9"  type="stmt" />
				<line num="16"  count="9"  type="stmt" />
				<line num="18"  count="7"  type="stmt" />
				<line num="30"  count="9"  type="stmt" />
				<line num="32"  count="9"  type="stmt" />
				<line num="34"  count="9"  type="stmt" />
				<line num="38"  count="9"  type="stmt" />
				<line num="40"  count="9"  type="stmt" />
				<line num="44"  count="9"  type="stmt" />
				<line num="45"  count="9"  type="stmt" />
				<line num="50"  count="9"  type="stmt" />
				<line num="51"  count="9"  type="stmt" />
				<line num="52"  count="9"  type="stmt" />
				<line num="53"  count="9"  type="stmt" />
				<line num="54"  count="9"  type="stmt" />
				<line num="55"  count="9"  type="stmt" />
				<line num="56"  count="9"  type="stmt" />
				<line num="57"  count="9"  type="stmt" />
				<line num="58"  count="9"  type="stmt" />
				<line num="59"  count="9"  type="stmt" />
				<line num="60"  count="9"  type="stmt" />
				<line num="61"  count="9"  type="stmt" />
				<line num="72"  count="9"  type="stmt" />
				<line num="73"  count="9"  type="stmt" />
				<line num="74"  count="9"  type="stmt" />
				<line num="75"  count="9"  type="stmt" />
				<line num="76"  count="9"  type="stmt" />
				<line num="77"  count="9"  type="stmt" />
				<line num="78"  count="9"  type="stmt" />
				<line num="79"  count="9"  type="stmt" />
				<line num="80"  count="9"  type="stmt" />
				<line num="83"  count="9"  type="stmt" />
				<line num="84"  count="9"  type="stmt" />
				<line num="85"  count="9"  type="stmt" />
				<line num="86"  count="9"  type="stmt" />
				<line num="87"  count="9"  type="stmt" />
				<line num="88"  count="9"  type="stmt" />
				<line num="89"  count="9"  type="stmt" />
				<line num="90"  count="9"  type="stmt" />
				<line num="91"  count="9"  type="stmt" />
				<line num="92"  count="9"  type="stmt" />
				<line num="93"  count="9"  type="stmt" />
				<line num="94"  count="9"  type="stmt" />
			</file>
		</package>
		<package name="common.components.button" >
			<metrics statements="11"  coveredstatements="11"  conditionals="31"  coveredconditionals="18"  methods="12"  coveredmethods="12" />
			<file name="Button.js"  path="/Users/kentor/GitProjects/jsair/ReactNativeApp/common/components/button/Button.js" >
				<metrics statements="11"  coveredstatements="11"  conditionals="31"  coveredconditionals="18"  methods="12"  coveredmethods="12" />
				<line num="1"  count="2"  type="cond"  truecount="5"  falsecount="3" />
				<line num="3"  count="1"  type="stmt" />
				<line num="7"  count="1"  type="cond"  truecount="13"  falsecount="10" />
				<line num="13"  count="1"  type="stmt" />
				<line num="16"  count="1"  type="stmt" />
				<line num="19"  count="2"  type="stmt" />
				<line num="20"  count="2"  type="stmt" />
				<line num="24"  count="1"  type="stmt" />
				<line num="26"  count="1"  type="stmt" />
				<line num="35"  count="1"  type="stmt" />
				<line num="38"  count="1"  type="stmt" />
			</file>
		</package>
		<package name="common.components.episodeCard.dateHeader" >
			<metrics statements="12"  coveredstatements="12"  conditionals="4"  coveredconditionals="3"  methods="2"  coveredmethods="2" />
			<file name="DateHeader.js"  path="/Users/kentor/GitProjects/jsair/ReactNativeApp/common/components/episodeCard/dateHeader/DateHeader.js" >
				<metrics statements="12"  coveredstatements="12"  conditionals="4"  coveredconditionals="3"  methods="2"  coveredmethods="2" />
				<line num="1"  count="1"  type="stmt" />
				<line num="3"  count="1"  type="stmt" />
				<line num="6"  count="1"  type="stmt" />
				<line num="11"  count="1"  type="stmt" />
				<line num="12"  count="2"  type="cond"  truecount="3"  falsecount="1" />
				<line num="14"  count="1"  type="stmt" />
				<line num="15"  count="1"  type="stmt" />
				<line num="16"  count="1"  type="stmt" />
				<line num="25"  count="1"  type="stmt" />
				<line num="30"  count="1"  type="stmt" />
				<line num="34"  count="1"  type="stmt" />
				<line num="43"  count="1"  type="stmt" />
			</file>
		</package>
		<package name="common.components.episodeCard.episodeButton" >
			<metrics statements="10"  coveredstatements="10"  conditionals="4"  coveredconditionals="3"  methods="2"  coveredmethods="2" />
			<file name="EpisodeButton.js"  path="/Users/kentor/GitProjects/jsair/ReactNativeApp/common/components/episodeCard/episodeButton/EpisodeButton.js" >
				<metrics statements="10"  coveredstatements="10"  conditionals="4"  coveredconditionals="3"  methods="2"  coveredmethods="2" />
				<line num="1"  count="1"  type="stmt" />
				<line num="3"  count="1"  type="stmt" />
				<line num="6"  count="1"  type="stmt" />
				<line num="12"  count="1"  type="cond"  truecount="3"  falsecount="1" />
				<line num="14"  count="1"  type="stmt" />
				<line num="16"  count="1"  type="stmt" />
				<line num="17"  count="1"  type="stmt" />
				<line num="29"  count="1"  type="stmt" />
				<line num="34"  count="1"  type="stmt" />
				<line num="44"  count="1"  type="stmt" />
			</file>
		</package>
		<package name="common.components.episodeCard.episodeTitle" >
			<metrics statements="9"  coveredstatements="9"  conditionals="4"  coveredconditionals="3"  methods="2"  coveredmethods="2" />
			<file name="EpisodeTitle.js"  path="/Users/kentor/GitProjects/jsair/ReactNativeApp/common/components/episodeCard/episodeTitle/EpisodeTitle.js" >
				<metrics statements="9"  coveredstatements="9"  conditionals="4"  coveredconditionals="3"  methods="2"  coveredmethods="2" />
				<line num="1"  count="1"  type="stmt" />
				<line num="3"  count="1"  type="stmt" />
				<line num="6"  count="1"  type="stmt" />
				<line num="11"  count="1"  type="cond"  truecount="3"  falsecount="1" />
				<line num="13"  count="1"  type="stmt" />
				<line num="14"  count="1"  type="stmt" />
				<line num="23"  count="1"  type="stmt" />
				<line num="27"  count="1"  type="stmt" />
				<line num="40"  count="1"  type="stmt" />
			</file>
		</package>
		<package name="common.components.episodeCard.timeHeader" >
			<metrics statements="11"  coveredstatements="11"  conditionals="4"  coveredconditionals="3"  methods="2"  coveredmethods="2" />
			<file name="TimeHeader.js"  path="/Users/kentor/GitProjects/jsair/ReactNativeApp/common/components/episodeCard/timeHeader/TimeHeader.js" >
				<metrics statements="11"  coveredstatements="11"  conditionals="4"  coveredconditionals="3"  methods="2"  coveredmethods="2" />
				<line num="1"  count="1"  type="stmt" />
				<line num="3"  count="1"  type="stmt" />
				<line num="6"  count="1"  type="stmt" />
				<line num="11"  count="1"  type="stmt" />
				<line num="12"  count="1"  type="stmt" />
				<line num="13"  count="3"  type="cond"  truecount="3"  falsecount="1" />
				<line num="15"  count="1"  type="stmt" />
				<line num="16"  count="1"  type="stmt" />
				<line num="25"  count="1"  type="stmt" />
				<line num="29"  count="1"  type="stmt" />
				<line num="38"  count="1"  type="stmt" />
			</file>
		</package>
		<package name="common.components.noConnectivity" >
			<metrics statements="12"  coveredstatements="12"  conditionals="14"  coveredconditionals="7"  methods="3"  coveredmethods="3" />
			<file name="NoConnectivity.js"  path="/Users/kentor/GitProjects/jsair/ReactNativeApp/common/components/noConnectivity/NoConnectivity.js" >
				<metrics statements="12"  coveredstatements="12"  conditionals="14"  coveredconditionals="7"  methods="3"  coveredmethods="3" />
				<line num="1"  count="1"  type="stmt" />
				<line num="3"  count="1"  type="stmt" />
				<line num="4"  count="1"  type="stmt" />
				<line num="10"  count="1"  type="stmt" />
				<line num="14"  count="1"  type="cond"  truecount="6"  falsecount="6" />
				<line num="16"  count="1"  type="stmt" />
				<line num="18"  count="1"  type="stmt" />
				<line num="19"  count="1"  type="cond"  truecount="1"  falsecount="1" />
				<line num="23"  count="1"  type="stmt" />
				<line num="38"  count="1"  type="stmt" />
				<line num="59"  count="1"  type="stmt" />
				<line num="73"  count="1"  type="stmt" />
			</file>
		</package>
		<package name="common.components.noData" >
			<metrics statements="11"  coveredstatements="11"  conditionals="4"  coveredconditionals="3"  methods="2"  coveredmethods="2" />
			<file name="NoData.js"  path="/Users/kentor/GitProjects/jsair/ReactNativeApp/common/components/noData/NoData.js" >
				<metrics statements="11"  coveredstatements="11"  conditionals="4"  coveredconditionals="3"  methods="2"  coveredmethods="2" />
				<line num="1"  count="1"  type="stmt" />
				<line num="3"  count="1"  type="stmt" />
				<line num="6"  count="1"  type="stmt" />
				<line num="11"  count="1"  type="stmt" />
				<line num="15"  count="2"  type="cond"  truecount="3"  falsecount="1" />
				<line num="17"  count="1"  type="stmt" />
				<line num="18"  count="1"  type="stmt" />
				<line num="33"  count="1"  type="stmt" />
				<line num="38"  count="1"  type="stmt" />
				<line num="43"  count="1"  type="stmt" />
				<line num="55"  count="1"  type="stmt" />
			</file>
		</package>
		<package name="common.components.twitterLink" >
			<metrics statements="9"  coveredstatements="9"  conditionals="6"  coveredconditionals="4"  methods="2"  coveredmethods="2" />
			<file name="TwitterLink.js"  path="/Users/kentor/GitProjects/jsair/ReactNativeApp/common/components/twitterLink/TwitterLink.js" >
				<metrics statements="9"  coveredstatements="9"  conditionals="6"  coveredconditionals="4"  methods="2"  coveredmethods="2" />
				<line num="1"  count="1"  type="stmt" />
				<line num="3"  count="1"  type="stmt" />
				<line num="6"  count="1"  type="cond"  truecount="3"  falsecount="1" />
				<line num="11"  count="1"  type="stmt" />
				<line num="12"  count="1"  type="stmt" />
				<line num="20"  count="1"  type="stmt" />
				<line num="31"  count="1"  type="stmt" />
				<line num="40"  count="1"  type="stmt" />
				<line num="44"  count="1"  type="stmt" />
			</file>
		</package>
		<package name="common.config" >
			<metrics statements="6"  coveredstatements="6"  conditionals="4"  coveredconditionals="3"  methods="1"  coveredmethods="1" />
			<file name="index.js"  path="/Users/kentor/GitProjects/jsair/ReactNativeApp/common/config/index.js" >
				<metrics statements="6"  coveredstatements="6"  conditionals="4"  coveredconditionals="3"  methods="1"  coveredmethods="1" />
				<line num="1"  count="8"  type="stmt" />
				<line num="3"  count="8"  type="stmt" />
				<line num="4"  count="8"  type="stmt" />
				<line num="5"  count="8"  type="cond"  truecount="3"  falsecount="1" />
				<line num="8"  count="8"  type="stmt" />
				<line num="9"  count="8"  type="stmt" />
			</file>
		</package>
		<package name="common.config.appColors" >
			<metrics statements="1"  coveredstatements="1"  conditionals="0"  coveredconditionals="0"  methods="0"  coveredmethods="0" />
			<file name="AppColors.js"  path="/Users/kentor/GitProjects/jsair/ReactNativeApp/common/config/appColors/AppColors.js" >
				<metrics statements="1"  coveredstatements="1"  conditionals="0"  coveredconditionals="0"  methods="0"  coveredmethods="0" />
				<line num="1"  count="8"  type="stmt" />
			</file>
		</package>
		<package name="common.config.appConfig" >
			<metrics statements="2"  coveredstatements="2"  conditionals="0"  coveredconditionals="0"  methods="0"  coveredmethods="0" />
			<file name="AppConfig.js"  path="/Users/kentor/GitProjects/jsair/ReactNativeApp/common/config/appConfig/AppConfig.js" >
				<metrics statements="2"  coveredstatements="2"  conditionals="0"  coveredconditionals="0"  methods="0"  coveredmethods="0" />
				<line num="1"  count="8"  type="stmt" />
				<line num="3"  count="8"  type="stmt" />
			</file>
		</package>
		<package name="common.config.routes" >
			<metrics statements="10"  coveredstatements="6"  conditionals="12"  coveredconditionals="6"  methods="9"  coveredmethods="6" />
			<file name="app.routes.js"  path="/Users/kentor/GitProjects/jsair/ReactNativeApp/common/config/routes/app.routes.js" >
				<metrics statements="10"  coveredstatements="6"  conditionals="12"  coveredconditionals="6"  methods="9"  coveredmethods="6" />
				<line num="1"  count="16"  type="cond"  truecount="6"  falsecount="4" />
				<line num="3"  count="8"  type="stmt" />
				<line num="45"  count="8"  type="stmt" />
				<line num="51"  count="8"  type="stmt" />
				<line num="53"  count="0"  type="stmt" />
				<line num="54"  count="0"  type="cond"  truecount="0"  falsecount="2" />
				<line num="55"  count="0"  type="stmt" />
				<line num="58"  count="0"  type="stmt" />
				<line num="62"  count="8"  type="stmt" />
				<line num="67"  count="8"  type="stmt" />
			</file>
		</package>
		<package name="common.redux.actions" >
			<metrics statements="79"  coveredstatements="38"  conditionals="74"  coveredconditionals="14"  methods="31"  coveredmethods="6" />
			<file name="connection.js"  path="/Users/kentor/GitProjects/jsair/ReactNativeApp/common/redux/actions/connection.js" >
				<metrics statements="22"  coveredstatements="19"  conditionals="18"  coveredconditionals="11"  methods="8"  coveredmethods="5" />
				<line num="1"  count="1"  type="stmt" />
				<line num="3"  count="1"  type="stmt" />
				<line num="4"  count="1"  type="stmt" />
				<line num="5"  count="1"  type="stmt" />
				<line num="6"  count="2"  type="cond"  truecount="3"  falsecount="1" />
				<line num="8"  count="1"  type="stmt" />
				<line num="9"  count="1"  type="stmt" />
				<line num="11"  count="1"  type="cond"  truecount="2"  falsecount="2" />
				<line num="12"  count="1"  type="stmt" />
				<line num="18"  count="1"  type="cond"  truecount="2"  falsecount="2" />
				<line num="19"  count="1"  type="stmt" />
				<line num="25"  count="1"  type="stmt" />
				<line num="26"  count="0"  type="stmt" />
				<line num="27"  count="0"  type="stmt" />
				<line num="32"  count="0"  type="stmt" />
				<line num="38"  count="1"  type="stmt" />
				<line num="39"  count="2"  type="stmt" />
				<line num="40"  count="2"  type="cond"  truecount="2"  falsecount="0" />
				<line num="41"  count="1"  type="cond"  truecount="1"  falsecount="1" />
				<line num="42"  count="1"  type="stmt" />
				<line num="44"  count="1"  type="cond"  truecount="1"  falsecount="1" />
				<line num="45"  count="1"  type="stmt" />
			</file>
			<file name="episodes.js"  path="/Users/kentor/GitProjects/jsair/ReactNativeApp/common/redux/actions/episodes.js" >
				<metrics statements="57"  coveredstatements="19"  conditionals="56"  coveredconditionals="3"  methods="23"  coveredmethods="1" />
				<line num="1"  count="1"  type="stmt" />
				<line num="4"  count="1"  type="stmt" />
				<line num="6"  count="1"  type="stmt" />
				<line num="7"  count="1"  type="cond"  truecount="3"  falsecount="3" />
				<line num="9"  count="1"  type="stmt" />
				<line num="10"  count="1"  type="stmt" />
				<line num="11"  count="1"  type="stmt" />
				<line num="14"  count="1"  type="cond"  truecount="0"  falsecount="4" />
				<line num="15"  count="0"  type="stmt" />
				<line num="21"  count="1"  type="cond"  truecount="0"  falsecount="4" />
				<line num="22"  count="0"  type="stmt" />
				<line num="23"  count="0"  type="stmt" />
				<line num="24"  count="0"  type="stmt" />
				<line num="26"  count="0"  type="stmt" />
				<line num="36"  count="1"  type="cond"  truecount="0"  falsecount="4" />
				<line num="37"  count="0"  type="stmt" />
				<line num="43"  count="1"  type="cond"  truecount="0"  falsecount="4" />
				<line num="44"  count="0"  type="stmt" />
				<line num="45"  count="0"  type="stmt" />
				<line num="47"  count="0"  type="cond"  truecount="0"  falsecount="2" />
				<line num="49"  count="0"  type="stmt" />
				<line num="50"  count="0"  type="stmt" />
				<line num="52"  count="0"  type="stmt" />
				<line num="53"  count="0"  type="stmt" />
				<line num="54"  count="0"  type="stmt" />
				<line num="56"  count="0"  type="stmt" />
				<line num="59"  count="0"  type="stmt" />
				<line num="60"  count="0"  type="cond"  truecount="0"  falsecount="2" />
				<line num="67"  count="1"  type="cond"  truecount="0"  falsecount="4" />
				<line num="68"  count="0"  type="stmt" />
				<line num="69"  count="0"  type="cond"  truecount="0"  falsecount="2" />
				<line num="70"  count="0"  type="cond"  truecount="0"  falsecount="2" />
				<line num="71"  count="0"  type="stmt" />
				<line num="73"  count="0"  type="cond"  truecount="0"  falsecount="2" />
				<line num="80"  count="1"  type="stmt" />
				<line num="81"  count="0"  type="stmt" />
				<line num="83"  count="0"  type="cond"  truecount="0"  falsecount="4" />
				<line num="84"  count="0"  type="stmt" />
				<line num="87"  count="0"  type="cond"  truecount="0"  falsecount="2" />
				<line num="88"  count="0"  type="cond"  truecount="0"  falsecount="2" />
				<line num="89"  count="0"  type="stmt" />
				<line num="91"  count="0"  type="stmt" />
				<line num="96"  count="1"  type="stmt" />
				<line num="97"  count="0"  type="stmt" />
				<line num="99"  count="0"  type="cond"  truecount="0"  falsecount="2" />
				<line num="105"  count="1"  type="stmt" />
				<line num="106"  count="0"  type="stmt" />
				<line num="109"  count="1"  type="stmt" />
				<line num="110"  count="0"  type="stmt" />
				<line num="112"  count="0"  type="cond"  truecount="0"  falsecount="2" />
				<line num="116"  count="0"  type="stmt" />
				<line num="119"  count="1"  type="cond"  truecount="0"  falsecount="4" />
				<line num="120"  count="0"  type="stmt" />
				<line num="123"  count="1"  type="cond"  truecount="0"  falsecount="4" />
				<line num="124"  count="0"  type="stmt" />
				<line num="127"  count="1"  type="stmt" />
				<line num="128"  count="0"  type="stmt" />
			</file>
		</package>
		<package name="common.services.utils" >
			<metrics statements="44"  coveredstatements="40"  conditionals="19"  coveredconditionals="14"  methods="8"  coveredmethods="8" />
			<file name="utils.js"  path="/Users/kentor/GitProjects/jsair/ReactNativeApp/common/services/utils/utils.js" >
				<metrics statements="44"  coveredstatements="40"  conditionals="19"  coveredconditionals="14"  methods="8"  coveredmethods="8" />
				<line num="1"  count="1"  type="stmt" />
				<line num="3"  count="1"  type="cond"  truecount="3"  falsecount="1" />
				<line num="5"  count="3"  type="cond"  truecount="3"  falsecount="1" />
				<line num="6"  count="3"  type="stmt" />
				<line num="9"  count="1"  type="stmt" />
				<line num="10"  count="1"  type="stmt" />
				<line num="11"  count="1"  type="stmt" />
				<line num="14"  count="1"  type="stmt" />
				<line num="15"  count="1"  type="stmt" />
				<line num="17"  count="1"  type="stmt" />
				<line num="19"  count="1"  type="stmt" />
				<line num="21"  count="1"  type="stmt" />
				<line num="24"  count="1"  type="stmt" />
				<line num="25"  count="1"  type="stmt" />
				<line num="28"  count="1"  type="stmt" />
				<line num="29"  count="4"  type="stmt" />
				<line num="30"  count="3"  type="cond"  truecount="1"  falsecount="1" />
				<line num="31"  count="3"  type="stmt" />
				<line num="34"  count="1"  type="stmt" />
				<line num="37"  count="1"  type="stmt" />
				<line num="38"  count="1"  type="stmt" />
				<line num="41"  count="1"  type="stmt" />
				<line num="42"  count="1"  type="stmt" />
				<line num="43"  count="1"  type="stmt" />
				<line num="44"  count="1"  type="stmt" />
				<line num="45"  count="1"  type="stmt" />
				<line num="47"  count="1"  type="stmt" />
				<line num="48"  count="33"  type="cond"  truecount="5"  falsecount="2" />
				<line num="50"  count="2"  type="stmt" />
				<line num="51"  count="2"  type="stmt" />
				<line num="53"  count="2"  type="stmt" />
				<line num="54"  count="2"  type="stmt" />
				<line num="55"  count="2"  type="stmt" />
				<line num="57"  count="1"  type="stmt" />
				<line num="58"  count="1"  type="stmt" />
				<line num="60"  count="0"  type="stmt" />
				<line num="61"  count="0"  type="stmt" />
				<line num="63"  count="1"  type="stmt" />
				<line num="64"  count="1"  type="stmt" />
				<line num="66"  count="0"  type="stmt" />
				<line num="67"  count="0"  type="stmt" />
				<line num="69"  count="27"  type="cond"  truecount="2"  falsecount="0" />
				<line num="70"  count="17"  type="stmt" />
				<line num="74"  count="1"  type="stmt" />
			</file>
		</package>
	</project>
</coverage>
