<?xml version="1.0" encoding="UTF-8"?>
<coverage generated="1466341611936" clover="3.2.0">
	<project timestamp="1466341611936"  name="All Files" >
		<metrics statements="44"  coveredstatements="40"  conditionals="19"  coveredconditionals="14"  methods="8"  coveredmethods="8"  elements="71"  coveredelements="62"  complexity="0"  packages="1"  files="1"  classes="1"  loc="74"  ncloc="74" />
		<package name="utils" >
			<metrics statements="44"  coveredstatements="40"  conditionals="19"  coveredconditionals="14"  methods="8"  coveredmethods="8" />
			<file name="utils.js"  path="/Users/kentor/GitProjects/jsair/ReactNativeApp/common/services/utils/utils.js" >
				<metrics statements="44"  coveredstatements="40"  conditionals="19"  coveredconditionals="14"  methods="8"  coveredmethods="8" />
				<line num="1"  count="1"  type="stmt" />
				<line num="3"  count="1"  type="cond"  truecount="3"  falsecount="1" />
				<line num="5"  count="3"  type="cond"  truecount="3"  falsecount="1" />
				<line num="6"  count="3"  type="stmt" />
				<line num="9"  count="1"  type="stmt" />
				<line num="10"  count="1"  type="stmt" />
				<line num="11"  count="1"  type="stmt" />
				<line num="14"  count="1"  type="stmt" />
				<line num="15"  count="1"  type="stmt" />
				<line num="17"  count="1"  type="stmt" />
				<line num="19"  count="1"  type="stmt" />
				<line num="21"  count="1"  type="stmt" />
				<line num="24"  count="1"  type="stmt" />
				<line num="25"  count="1"  type="stmt" />
				<line num="28"  count="1"  type="stmt" />
				<line num="29"  count="4"  type="stmt" />
				<line num="30"  count="3"  type="cond"  truecount="1"  falsecount="1" />
				<line num="31"  count="3"  type="stmt" />
				<line num="34"  count="1"  type="stmt" />
				<line num="37"  count="1"  type="stmt" />
				<line num="38"  count="1"  type="stmt" />
				<line num="41"  count="1"  type="stmt" />
				<line num="42"  count="1"  type="stmt" />
				<line num="43"  count="1"  type="stmt" />
				<line num="44"  count="1"  type="stmt" />
				<line num="45"  count="1"  type="stmt" />
				<line num="47"  count="1"  type="stmt" />
				<line num="48"  count="33"  type="cond"  truecount="5"  falsecount="2" />
				<line num="50"  count="2"  type="stmt" />
				<line num="51"  count="2"  type="stmt" />
				<line num="53"  count="2"  type="stmt" />
				<line num="54"  count="2"  type="stmt" />
				<line num="55"  count="2"  type="stmt" />
				<line num="57"  count="1"  type="stmt" />
				<line num="58"  count="1"  type="stmt" />
				<line num="60"  count="0"  type="stmt" />
				<line num="61"  count="0"  type="stmt" />
				<line num="63"  count="1"  type="stmt" />
				<line num="64"  count="1"  type="stmt" />
				<line num="66"  count="0"  type="stmt" />
				<line num="67"  count="0"  type="stmt" />
				<line num="69"  count="27"  type="cond"  truecount="2"  falsecount="0" />
				<line num="70"  count="17"  type="stmt" />
				<line num="74"  count="1"  type="stmt" />
			</file>
		</package>
	</project>
</coverage>
