{
"/Users/kentor/GitProjects/jsair/ReactNativeApp/common/services/utils/utils.js":{"path":"/Users/kentor/GitProjects/jsair/ReactNativeApp/common/services/utils/utils.js","s":{"1":1,"2":1,"3":1,"4":1,"5":1,"6":1,"7":1,"8":1,"9":3,"10":3,"11":1,"12":1,"13":1,"14":1,"15":1,"16":1,"17":1,"18":1,"19":1,"20":1,"21":1,"22":4,"23":3,"24":3,"25":1,"26":1,"27":1,"28":1,"29":1,"30":1,"31":1,"32":1,"33":1,"34":33,"35":2,"36":2,"37":2,"38":2,"39":2,"40":1,"41":1,"42":0,"43":0,"44":1,"45":1,"46":0,"47":0,"48":27,"49":17,"50":1},"b":{"1":[0,1],"2":[1,1],"3":[0,3],"4":[3,3],"5":[3,0],"6":[2,2,1,0,1,0,27],"7":[17,10]},"f":{"1":1,"2":3,"3":1,"4":1,"5":1,"6":4,"7":1,"8":1},"fnMap":{"1":{"name":"_interopRequireDefault","line":3,"loc":{"start":{"line":3,"column":75},"end":{"line":3,"column":111}}},"2":{"name":"removeMarkdownLinksAndKeepTextOnly","line":5,"loc":{"start":{"line":5,"column":82},"end":{"line":5,"column":127}}},"3":{"name":"markdownLinksExtractor","line":9,"loc":{"start":{"line":9,"column":58},"end":{"line":9,"column":99}}},"4":{"name":"(anonymous_4)","line":14,"loc":{"start":{"line":14,"column":14},"end":{"line":14,"column":39}}},"5":{"name":"leftTrim","line":24,"loc":{"start":{"line":24,"column":30},"end":{"line":24,"column":57}}},"6":{"name":"isEmptyObject","line":28,"loc":{"start":{"line":28,"column":40},"end":{"line":28,"column":67}}},"7":{"name":"cleanEpisodeDate","line":37,"loc":{"start":{"line":37,"column":46},"end":{"line":37,"column":83}}},"8":{"name":"stripHTML","line":41,"loc":{"start":{"line":41,"column":32},"end":{"line":41,"column":61}}}},"statementMap":{"1":{"start":{"line":1,"column":13},"end":{"line":1,"column":70}},"2":{"start":{"line":1,"column":70},"end":{"line":1,"column":236}},"3":{"start":{"line":1,"column":236},"end":{"line":1,"column":261}},"4":{"start":{"line":3,"column":0},"end":{"line":3,"column":30}},"5":{"start":{"line":3,"column":30},"end":{"line":3,"column":75}},"6":{"start":{"line":3,"column":75},"end":{"line":3,"column":158}},"7":{"start":{"line":3,"column":112},"end":{"line":3,"column":157}},"8":{"start":{"line":5,"column":0},"end":{"line":6,"column":54}},"9":{"start":{"line":5,"column":128},"end":{"line":5,"column":201}},"10":{"start":{"line":6,"column":0},"end":{"line":6,"column":52}},"11":{"start":{"line":9,"column":0},"end":{"line":21,"column":15}},"12":{"start":{"line":10,"column":0},"end":{"line":10,"column":13}},"13":{"start":{"line":11,"column":0},"end":{"line":11,"column":45}},"14":{"start":{"line":14,"column":0},"end":{"line":17,"column":77}},"15":{"start":{"line":15,"column":0},"end":{"line":15,"column":46}},"16":{"start":{"line":17,"column":0},"end":{"line":17,"column":75}},"17":{"start":{"line":19,"column":0},"end":{"line":19,"column":51}},"18":{"start":{"line":21,"column":0},"end":{"line":21,"column":13}},"19":{"start":{"line":24,"column":0},"end":{"line":25,"column":37}},"20":{"start":{"line":25,"column":0},"end":{"line":25,"column":35}},"21":{"start":{"line":28,"column":0},"end":{"line":34,"column":14}},"22":{"start":{"line":29,"column":0},"end":{"line":31,"column":15}},"23":{"start":{"line":30,"column":0},"end":{"line":31,"column":14}},"24":{"start":{"line":31,"column":0},"end":{"line":31,"column":13}},"25":{"start":{"line":34,"column":0},"end":{"line":34,"column":12}},"26":{"start":{"line":37,"column":0},"end":{"line":38,"column":53}},"27":{"start":{"line":38,"column":0},"end":{"line":38,"column":51}},"28":{"start":{"line":41,"column":0},"end":{"line":74,"column":28}},"29":{"start":{"line":42,"column":0},"end":{"line":42,"column":32}},"30":{"start":{"line":43,"column":0},"end":{"line":43,"column":17}},"31":{"start":{"line":44,"column":0},"end":{"line":44,"column":15}},"32":{"start":{"line":45,"column":0},"end":{"line":45,"column":16}},"33":{"start":{"line":47,"column":0},"end":{"line":70,"column":30}},"34":{"start":{"line":48,"column":0},"end":{"line":70,"column":29}},"35":{"start":{"line":50,"column":0},"end":{"line":50,"column":11}},"36":{"start":{"line":51,"column":0},"end":{"line":51,"column":6}},"37":{"start":{"line":53,"column":0},"end":{"line":53,"column":11}},"38":{"start":{"line":54,"column":0},"end":{"line":54,"column":20}},"39":{"start":{"line":55,"column":0},"end":{"line":55,"column":6}},"40":{"start":{"line":57,"column":0},"end":{"line":57,"column":12}},"41":{"start":{"line":58,"column":0},"end":{"line":58,"column":6}},"42":{"start":{"line":60,"column":0},"end":{"line":60,"column":12}},"43":{"start":{"line":61,"column":0},"end":{"line":61,"column":6}},"44":{"start":{"line":63,"column":0},"end":{"line":63,"column":12}},"45":{"start":{"line":64,"column":0},"end":{"line":64,"column":6}},"46":{"start":{"line":66,"column":0},"end":{"line":66,"column":12}},"47":{"start":{"line":67,"column":0},"end":{"line":67,"column":6}},"48":{"start":{"line":69,"column":0},"end":{"line":70,"column":28}},"49":{"start":{"line":70,"column":0},"end":{"line":70,"column":27}},"50":{"start":{"line":74,"column":0},"end":{"line":74,"column":26}}},"branchMap":{"1":{"line":3,"type":"cond-expr","locations":[{"start":{"line":3,"column":139},"end":{"line":3,"column":142}},{"start":{"line":3,"column":143},"end":{"line":3,"column":156}}]},"2":{"line":3,"type":"binary-expr","locations":[{"start":{"line":3,"column":119},"end":{"line":3,"column":122}},{"start":{"line":3,"column":124},"end":{"line":3,"column":138}}]},"3":{"line":5,"type":"cond-expr","locations":[{"start":{"line":5,"column":185},"end":{"line":5,"column":187}},{"start":{"line":5,"column":188},"end":{"line":5,"column":200}}]},"4":{"line":5,"type":"binary-expr","locations":[{"start":{"line":5,"column":139},"end":{"line":5,"column":158}},{"start":{"line":5,"column":160},"end":{"line":5,"column":184}}]},"5":{"line":30,"type":"if","locations":[{"start":{"line":30,"column":0},"end":{"line":30,"column":0}},{"start":{"line":30,"column":0},"end":{"line":30,"column":0}}]},"6":{"line":48,"type":"switch","locations":[{"start":{"line":49,"column":0},"end":{"line":51,"column":6}},{"start":{"line":52,"column":0},"end":{"line":55,"column":6}},{"start":{"line":56,"column":0},"end":{"line":58,"column":6}},{"start":{"line":59,"column":0},"end":{"line":61,"column":6}},{"start":{"line":62,"column":0},"end":{"line":64,"column":6}},{"start":{"line":65,"column":0},"end":{"line":67,"column":6}},{"start":{"line":68,"column":0},"end":{"line":70,"column":28}}]},"7":{"line":69,"type":"if","locations":[{"start":{"line":69,"column":0},"end":{"line":69,"column":0}},{"start":{"line":69,"column":0},"end":{"line":69,"column":0}}]}},"l":{"1":1,"3":1,"5":3,"6":3,"9":1,"10":1,"11":1,"14":1,"15":1,"17":1,"19":1,"21":1,"24":1,"25":1,"28":1,"29":4,"30":3,"31":3,"34":1,"37":1,"38":1,"41":1,"42":1,"43":1,"44":1,"45":1,"47":1,"48":33,"50":2,"51":2,"53":2,"54":2,"55":2,"57":1,"58":1,"60":0,"61":0,"63":1,"64":1,"66":0,"67":0,"69":27,"70":17,"74":1}},
"/Users/kentor/GitProjects/jsair/ReactNativeApp/common/redux/actions/connection.js":{"path":"/Users/kentor/GitProjects/jsair/ReactNativeApp/common/redux/actions/connection.js","s":{"1":1,"2":1,"3":1,"4":1,"5":1,"6":1,"7":1,"8":1,"9":1,"10":2,"11":1,"12":1,"13":1,"14":1,"15":1,"16":1,"17":1,"18":1,"19":1,"20":0,"21":0,"22":0,"23":1,"24":2,"25":2,"26":1,"27":1,"28":1,"29":1},"b":{"1":[0,2],"2":[2,2],"3":[1,0],"4":[1,0],"5":[1,0],"6":[1,0],"7":[1,1],"8":[0,1],"9":[0,1]},"f":{"1":2,"2":1,"3":1,"4":0,"5":0,"6":0,"7":2,"8":2},"fnMap":{"1":{"name":"_interopRequireDefault","line":6,"loc":{"start":{"line":6,"column":41},"end":{"line":6,"column":77}}},"2":{"name":"setConnected","line":11,"loc":{"start":{"line":11,"column":17},"end":{"line":11,"column":40}}},"3":{"name":"setNotConnected","line":18,"loc":{"start":{"line":18,"column":20},"end":{"line":18,"column":46}}},"4":{"name":"checkInitialConnectivity","line":25,"loc":{"start":{"line":25,"column":62},"end":{"line":25,"column":97}}},"5":{"name":"(anonymous_5)","line":26,"loc":{"start":{"line":26,"column":7},"end":{"line":26,"column":25}}},"6":{"name":"(anonymous_6)","line":31,"loc":{"start":{"line":31,"column":0},"end":{"line":31,"column":21}}},"7":{"name":"connectivityChange","line":38,"loc":{"start":{"line":38,"column":50},"end":{"line":38,"column":90}}},"8":{"name":"(anonymous_8)","line":39,"loc":{"start":{"line":39,"column":7},"end":{"line":39,"column":25}}}},"statementMap":{"1":{"start":{"line":1,"column":13},"end":{"line":1,"column":70}},"2":{"start":{"line":1,"column":70},"end":{"line":1,"column":183}},"3":{"start":{"line":3,"column":0},"end":{"line":3,"column":36}},"4":{"start":{"line":4,"column":0},"end":{"line":4,"column":30}},"5":{"start":{"line":4,"column":30},"end":{"line":4,"column":75}},"6":{"start":{"line":5,"column":0},"end":{"line":5,"column":28}},"7":{"start":{"line":5,"column":28},"end":{"line":5,"column":71}},"8":{"start":{"line":6,"column":0},"end":{"line":6,"column":41}},"9":{"start":{"line":6,"column":41},"end":{"line":6,"column":124}},"10":{"start":{"line":6,"column":78},"end":{"line":6,"column":123}},"11":{"start":{"line":8,"column":0},"end":{"line":8,"column":53}},"12":{"start":{"line":9,"column":0},"end":{"line":9,"column":56}},"13":{"start":{"line":11,"column":0},"end":{"line":14,"column":25}},"14":{"start":{"line":11,"column":41},"end":{"line":11,"column":153}},"15":{"start":{"line":12,"column":0},"end":{"line":14,"column":23}},"16":{"start":{"line":18,"column":0},"end":{"line":21,"column":25}},"17":{"start":{"line":18,"column":47},"end":{"line":18,"column":159}},"18":{"start":{"line":19,"column":0},"end":{"line":21,"column":23}},"19":{"start":{"line":25,"column":0},"end":{"line":32,"column":49}},"20":{"start":{"line":26,"column":0},"end":{"line":32,"column":47}},"21":{"start":{"line":27,"column":0},"end":{"line":32,"column":45}},"22":{"start":{"line":32,"column":0},"end":{"line":32,"column":42}},"23":{"start":{"line":38,"column":0},"end":{"line":45,"column":33}},"24":{"start":{"line":39,"column":0},"end":{"line":45,"column":31}},"25":{"start":{"line":40,"column":0},"end":{"line":45,"column":29}},"26":{"start":{"line":41,"column":0},"end":{"line":41,"column":104}},"27":{"start":{"line":42,"column":0},"end":{"line":42,"column":25}},"28":{"start":{"line":44,"column":0},"end":{"line":44,"column":108}},"29":{"start":{"line":45,"column":0},"end":{"line":45,"column":28}}},"branchMap":{"1":{"line":6,"type":"cond-expr","locations":[{"start":{"line":6,"column":105},"end":{"line":6,"column":108}},{"start":{"line":6,"column":109},"end":{"line":6,"column":122}}]},"2":{"line":6,"type":"binary-expr","locations":[{"start":{"line":6,"column":85},"end":{"line":6,"column":88}},{"start":{"line":6,"column":90},"end":{"line":6,"column":104}}]},"3":{"line":11,"type":"cond-expr","locations":[{"start":{"line":11,"column":102},"end":{"line":11,"column":139}},{"start":{"line":11,"column":140},"end":{"line":11,"column":152}}]},"4":{"line":11,"type":"binary-expr","locations":[{"start":{"line":11,"column":56},"end":{"line":11,"column":75}},{"start":{"line":11,"column":77},"end":{"line":11,"column":101}}]},"5":{"line":18,"type":"cond-expr","locations":[{"start":{"line":18,"column":108},"end":{"line":18,"column":145}},{"start":{"line":18,"column":146},"end":{"line":18,"column":158}}]},"6":{"line":18,"type":"binary-expr","locations":[{"start":{"line":18,"column":62},"end":{"line":18,"column":81}},{"start":{"line":18,"column":83},"end":{"line":18,"column":107}}]},"7":{"line":40,"type":"if","locations":[{"start":{"line":40,"column":0},"end":{"line":40,"column":0}},{"start":{"line":40,"column":0},"end":{"line":40,"column":0}}]},"8":{"line":41,"type":"cond-expr","locations":[{"start":{"line":41,"column":32},"end":{"line":41,"column":98}},{"start":{"line":41,"column":99},"end":{"line":41,"column":103}}]},"9":{"line":44,"type":"cond-expr","locations":[{"start":{"line":44,"column":32},"end":{"line":44,"column":102}},{"start":{"line":44,"column":103},"end":{"line":44,"column":107}}]}},"l":{"1":1,"3":1,"4":1,"5":1,"6":2,"8":1,"9":1,"11":1,"12":1,"18":1,"19":1,"25":1,"26":0,"27":0,"32":0,"38":1,"39":2,"40":2,"41":1,"42":1,"44":1,"45":1}},
"/Users/kentor/GitProjects/jsair/ReactNativeApp/common/config/index.js":{"path":"/Users/kentor/GitProjects/jsair/ReactNativeApp/common/config/index.js","s":{"1":7,"2":7,"3":7,"4":7,"5":7,"6":7,"7":7,"8":7,"9":7,"10":7,"11":7},"b":{"1":[7,0],"2":[7,7]},"f":{"1":7},"fnMap":{"1":{"name":"_interopRequireDefault","line":5,"loc":{"start":{"line":5,"column":48},"end":{"line":5,"column":84}}}},"statementMap":{"1":{"start":{"line":1,"column":13},"end":{"line":1,"column":70}},"2":{"start":{"line":1,"column":70},"end":{"line":1,"column":134}},"3":{"start":{"line":3,"column":0},"end":{"line":3,"column":40}},"4":{"start":{"line":3,"column":40},"end":{"line":3,"column":79}},"5":{"start":{"line":4,"column":0},"end":{"line":4,"column":48}},"6":{"start":{"line":5,"column":0},"end":{"line":5,"column":48}},"7":{"start":{"line":5,"column":48},"end":{"line":5,"column":131}},"8":{"start":{"line":5,"column":85},"end":{"line":5,"column":130}},"9":{"start":{"line":5,"column":131},"end":{"line":8,"column":24}},"10":{"start":{"line":8,"column":24},"end":{"line":9,"column":31}},"11":{"start":{"line":9,"column":31},"end":{"line":10,"column":31}}},"branchMap":{"1":{"line":5,"type":"cond-expr","locations":[{"start":{"line":5,"column":112},"end":{"line":5,"column":115}},{"start":{"line":5,"column":116},"end":{"line":5,"column":129}}]},"2":{"line":5,"type":"binary-expr","locations":[{"start":{"line":5,"column":92},"end":{"line":5,"column":95}},{"start":{"line":5,"column":97},"end":{"line":5,"column":111}}]}},"l":{"1":7,"3":7,"4":7,"5":7,"8":7,"9":7}},
"/Users/kentor/GitProjects/jsair/ReactNativeApp/common/config/routes/app.routes.js":{"path":"/Users/kentor/GitProjects/jsair/ReactNativeApp/common/config/routes/app.routes.js","s":{"1":7,"2":7,"3":7,"4":7,"5":14,"6":14,"7":14,"8":14,"9":14,"10":14,"11":7,"12":7,"13":7,"14":7,"15":0,"16":7,"17":7,"18":7,"19":0,"20":7,"21":7,"22":7,"23":7,"24":7,"25":0,"26":0,"27":0,"28":0,"29":0,"30":7,"31":7,"32":7},"b":{"1":[14,14],"2":[14,0],"3":[7,0],"4":[0,7],"5":[0,7],"6":[0,0]},"f":{"1":7,"2":7,"3":7,"4":7,"5":7,"6":7,"7":0,"8":0,"9":0},"fnMap":{"1":{"name":"(anonymous_1)","line":1,"loc":{"start":{"line":1,"column":87},"end":{"line":1,"column":97}}},"2":{"name":"defineProperties","line":1,"loc":{"start":{"line":1,"column":98},"end":{"line":1,"column":137}}},"3":{"name":"(anonymous_3)","line":1,"loc":{"start":{"line":1,"column":389},"end":{"line":1,"column":433}}},"4":{"name":"_classCallCheck","line":1,"loc":{"start":{"line":1,"column":581},"end":{"line":1,"column":627}}},"5":{"name":"(anonymous_5)","line":51,"loc":{"start":{"line":51,"column":15},"end":{"line":51,"column":25}}},"6":{"name":"AppRoutesClass","line":51,"loc":{"start":{"line":51,"column":26},"end":{"line":51,"column":51}}},"7":{"name":"getRouteFromRouteId","line":51,"loc":{"start":{"line":51,"column":152},"end":{"line":52,"column":8}}},"8":{"name":"(anonymous_8)","line":53,"loc":{"start":{"line":53,"column":27},"end":{"line":53,"column":42}}},"9":{"name":"getAllRoutes","line":58,"loc":{"start":{"line":58,"column":47},"end":{"line":61,"column":0}}}},"statementMap":{"1":{"start":{"line":1,"column":13},"end":{"line":1,"column":70}},"2":{"start":{"line":1,"column":70},"end":{"line":1,"column":581}},"3":{"start":{"line":1,"column":98},"end":{"line":1,"column":382}},"4":{"start":{"line":1,"column":138},"end":{"line":1,"column":381}},"5":{"start":{"line":1,"column":170},"end":{"line":1,"column":194}},"6":{"start":{"line":1,"column":194},"end":{"line":1,"column":245}},"7":{"start":{"line":1,"column":245},"end":{"line":1,"column":274}},"8":{"start":{"line":1,"column":274},"end":{"line":1,"column":324}},"9":{"start":{"line":1,"column":299},"end":{"line":1,"column":324}},"10":{"start":{"line":1,"column":324},"end":{"line":1,"column":380}},"11":{"start":{"line":1,"column":382},"end":{"line":1,"column":577}},"12":{"start":{"line":1,"column":434},"end":{"line":1,"column":499}},"13":{"start":{"line":1,"column":448},"end":{"line":1,"column":499}},"14":{"start":{"line":1,"column":499},"end":{"line":1,"column":556}},"15":{"start":{"line":1,"column":514},"end":{"line":1,"column":556}},"16":{"start":{"line":1,"column":556},"end":{"line":1,"column":575}},"17":{"start":{"line":1,"column":581},"end":{"line":1,"column":726}},"18":{"start":{"line":1,"column":628},"end":{"line":1,"column":725}},"19":{"start":{"line":1,"column":667},"end":{"line":1,"column":724}},"20":{"start":{"line":3,"column":0},"end":{"line":45,"column":25}},"21":{"start":{"line":45,"column":25},"end":{"line":62,"column":56}},"22":{"start":{"line":51,"column":26},"end":{"line":51,"column":90}},"23":{"start":{"line":51,"column":52},"end":{"line":51,"column":89}},"24":{"start":{"line":51,"column":90},"end":{"line":62,"column":30}},"25":{"start":{"line":53,"column":0},"end":{"line":55,"column":17}},"26":{"start":{"line":54,"column":0},"end":{"line":55,"column":14}},"27":{"start":{"line":55,"column":0},"end":{"line":55,"column":13}},"28":{"start":{"line":58,"column":0},"end":{"line":58,"column":18}},"29":{"start":{"line":62,"column":0},"end":{"line":62,"column":25}},"30":{"start":{"line":62,"column":30},"end":{"line":62,"column":52}},"31":{"start":{"line":67,"column":0},"end":{"line":67,"column":35}},"32":{"start":{"line":67,"column":35},"end":{"line":69,"column":10}}},"branchMap":{"1":{"line":1,"type":"binary-expr","locations":[{"start":{"line":1,"column":216},"end":{"line":1,"column":237}},{"start":{"line":1,"column":239},"end":{"line":1,"column":244}}]},"2":{"line":1,"type":"if","locations":[{"start":{"line":1,"column":274},"end":{"line":1,"column":274}},{"start":{"line":1,"column":274},"end":{"line":1,"column":274}}]},"3":{"line":1,"type":"if","locations":[{"start":{"line":1,"column":434},"end":{"line":1,"column":434}},{"start":{"line":1,"column":434},"end":{"line":1,"column":434}}]},"4":{"line":1,"type":"if","locations":[{"start":{"line":1,"column":499},"end":{"line":1,"column":499}},{"start":{"line":1,"column":499},"end":{"line":1,"column":499}}]},"5":{"line":1,"type":"if","locations":[{"start":{"line":1,"column":628},"end":{"line":1,"column":628}},{"start":{"line":1,"column":628},"end":{"line":1,"column":628}}]},"6":{"line":54,"type":"if","locations":[{"start":{"line":54,"column":0},"end":{"line":54,"column":0}},{"start":{"line":54,"column":0},"end":{"line":54,"column":0}}]}},"l":{"1":14,"3":7,"45":7,"51":7,"53":0,"54":0,"55":0,"58":0,"62":7,"67":7}},
"/Users/kentor/GitProjects/jsair/ReactNativeApp/common/config/appColors/AppColors.js":{"path":"/Users/kentor/GitProjects/jsair/ReactNativeApp/common/config/appColors/AppColors.js","s":{"1":7,"2":7},"b":{},"f":{},"fnMap":{},"statementMap":{"1":{"start":{"line":1,"column":13},"end":{"line":1,"column":70}},"2":{"start":{"line":1,"column":70},"end":{"line":12,"column":24}}},"branchMap":{},"l":{"1":7}},
"/Users/kentor/GitProjects/jsair/ReactNativeApp/common/config/appConfig/AppConfig.js":{"path":"/Users/kentor/GitProjects/jsair/ReactNativeApp/common/config/appConfig/AppConfig.js","s":{"1":7,"2":7},"b":{},"f":{},"fnMap":{},"statementMap":{"1":{"start":{"line":1,"column":13},"end":{"line":1,"column":70}},"2":{"start":{"line":3,"column":0},"end":{"line":53,"column":18}}},"branchMap":{},"l":{"1":7,"3":7}},
"/Users/kentor/GitProjects/jsair/ReactNativeApp/__mocks__/react-native.js":{"path":"/Users/kentor/GitProjects/jsair/ReactNativeApp/__mocks__/react-native.js","s":{"1":8,"2":8,"3":8,"4":8,"5":24,"6":24,"7":24,"8":24,"9":24,"10":24,"11":24,"12":8,"13":24,"14":16,"15":24,"16":8,"17":24,"18":8,"19":0,"20":0,"21":0,"22":0,"23":0,"24":0,"25":8,"26":8,"27":8,"28":8,"29":8,"30":0,"31":0,"32":8,"33":0,"34":0,"35":0,"36":8,"37":16,"38":0,"39":16,"40":16,"41":16,"42":8,"43":8,"44":1,"45":8,"46":8,"47":5,"48":8,"49":8,"50":8,"51":8,"52":0,"53":0,"54":8,"55":0,"56":8,"57":8,"58":8,"59":8,"60":0,"61":0,"62":8,"63":0,"64":8,"65":8,"66":8,"67":0,"68":8,"69":8,"70":8,"71":8,"72":8,"73":8,"74":8,"75":8,"76":8,"77":8,"78":8,"79":8,"80":8,"81":8,"82":8,"83":8,"84":8,"85":8,"86":8,"87":8,"88":8,"89":8,"90":8,"91":8,"92":8,"93":8,"94":8,"95":8,"96":8,"97":8,"98":8,"99":8,"100":8,"101":8,"102":8,"103":8},"b":{"1":[24,24],"2":[24,0],"3":[16,8],"4":[8,16],"5":[8,0],"6":[0,0],"7":[0,8],"8":[8,8],"9":[0,0],"10":[0,0],"11":[0,0],"12":[0,0,0],"13":[0,16],"14":[16,0],"15":[16,16],"16":[16,0],"17":[16,0]},"f":{"1":8,"2":24,"3":24,"4":0,"5":8,"6":0,"7":0,"8":16,"9":1,"10":5,"11":8,"12":0,"13":0,"14":8,"15":0,"16":0,"17":8,"18":0,"19":0},"fnMap":{"1":{"name":"(anonymous_1)","line":1,"loc":{"start":{"line":1,"column":375},"end":{"line":1,"column":385}}},"2":{"name":"defineProperties","line":1,"loc":{"start":{"line":1,"column":386},"end":{"line":1,"column":425}}},"3":{"name":"(anonymous_3)","line":1,"loc":{"start":{"line":1,"column":677},"end":{"line":1,"column":721}}},"4":{"name":"(anonymous_4)","line":1,"loc":{"start":{"line":1,"column":897},"end":{"line":1,"column":913}}},"5":{"name":"_interopRequireDefault","line":3,"loc":{"start":{"line":3,"column":71},"end":{"line":3,"column":107}}},"6":{"name":"_classCallCheck","line":3,"loc":{"start":{"line":3,"column":154},"end":{"line":3,"column":200}}},"7":{"name":"_possibleConstructorReturn","line":3,"loc":{"start":{"line":3,"column":299},"end":{"line":3,"column":345}}},"8":{"name":"_inherits","line":3,"loc":{"start":{"line":3,"column":518},"end":{"line":3,"column":557}}},"9":{"name":"get","line":7,"loc":{"start":{"line":7,"column":4},"end":{"line":7,"column":18}}},"10":{"name":"create","line":17,"loc":{"start":{"line":17,"column":7},"end":{"line":17,"column":30}}},"11":{"name":"(anonymous_11)","line":32,"loc":{"start":{"line":32,"column":5},"end":{"line":32,"column":31}}},"12":{"name":"View","line":32,"loc":{"start":{"line":32,"column":65},"end":{"line":32,"column":80}}},"13":{"name":"render","line":32,"loc":{"start":{"line":32,"column":238},"end":{"line":33,"column":0}}},"14":{"name":"(anonymous_14)","line":38,"loc":{"start":{"line":38,"column":9},"end":{"line":38,"column":36}}},"15":{"name":"ListView","line":38,"loc":{"start":{"line":38,"column":75},"end":{"line":38,"column":94}}},"16":{"name":"render","line":38,"loc":{"start":{"line":38,"column":264},"end":{"line":39,"column":0}}},"17":{"name":"(anonymous_17)","line":44,"loc":{"start":{"line":44,"column":12},"end":{"line":44,"column":22}}},"18":{"name":"AppRegistry","line":44,"loc":{"start":{"line":44,"column":23},"end":{"line":44,"column":45}}},"19":{"name":"registerComponent","line":44,"loc":{"start":{"line":44,"column":143},"end":{"line":45,"column":0}}}},"statementMap":{"1":{"start":{"line":1,"column":13},"end":{"line":1,"column":70}},"2":{"start":{"line":1,"column":70},"end":{"line":1,"column":358}},"3":{"start":{"line":1,"column":358},"end":{"line":1,"column":869}},"4":{"start":{"line":1,"column":386},"end":{"line":1,"column":670}},"5":{"start":{"line":1,"column":426},"end":{"line":1,"column":669}},"6":{"start":{"line":1,"column":458},"end":{"line":1,"column":482}},"7":{"start":{"line":1,"column":482},"end":{"line":1,"column":533}},"8":{"start":{"line":1,"column":533},"end":{"line":1,"column":562}},"9":{"start":{"line":1,"column":562},"end":{"line":1,"column":612}},"10":{"start":{"line":1,"column":587},"end":{"line":1,"column":612}},"11":{"start":{"line":1,"column":612},"end":{"line":1,"column":668}},"12":{"start":{"line":1,"column":670},"end":{"line":1,"column":865}},"13":{"start":{"line":1,"column":722},"end":{"line":1,"column":787}},"14":{"start":{"line":1,"column":736},"end":{"line":1,"column":787}},"15":{"start":{"line":1,"column":787},"end":{"line":1,"column":844}},"16":{"start":{"line":1,"column":802},"end":{"line":1,"column":844}},"17":{"start":{"line":1,"column":844},"end":{"line":1,"column":863}},"18":{"start":{"line":1,"column":869},"end":{"line":1,"column":1093}},"19":{"start":{"line":1,"column":914},"end":{"line":1,"column":1077}},"20":{"start":{"line":1,"column":950},"end":{"line":1,"column":974}},"21":{"start":{"line":1,"column":974},"end":{"line":1,"column":1076}},"22":{"start":{"line":1,"column":997},"end":{"line":1,"column":1075}},"23":{"start":{"line":1,"column":1050},"end":{"line":1,"column":1074}},"24":{"start":{"line":1,"column":1077},"end":{"line":1,"column":1091}},"25":{"start":{"line":3,"column":0},"end":{"line":3,"column":28}},"26":{"start":{"line":3,"column":28},"end":{"line":3,"column":71}},"27":{"start":{"line":3,"column":71},"end":{"line":3,"column":154}},"28":{"start":{"line":3,"column":108},"end":{"line":3,"column":153}},"29":{"start":{"line":3,"column":154},"end":{"line":3,"column":299}},"30":{"start":{"line":3,"column":201},"end":{"line":3,"column":298}},"31":{"start":{"line":3,"column":240},"end":{"line":3,"column":297}},"32":{"start":{"line":3,"column":299},"end":{"line":3,"column":518}},"33":{"start":{"line":3,"column":346},"end":{"line":3,"column":443}},"34":{"start":{"line":3,"column":356},"end":{"line":3,"column":442}},"35":{"start":{"line":3,"column":443},"end":{"line":3,"column":517}},"36":{"start":{"line":3,"column":518},"end":{"line":3,"column":968}},"37":{"start":{"line":3,"column":558},"end":{"line":3,"column":711}},"38":{"start":{"line":3,"column":612},"end":{"line":3,"column":710}},"39":{"start":{"line":3,"column":711},"end":{"line":3,"column":858}},"40":{"start":{"line":3,"column":858},"end":{"line":3,"column":967}},"41":{"start":{"line":3,"column":872},"end":{"line":3,"column":967}},"42":{"start":{"line":4,"column":0},"end":{"line":4,"column":45}},"43":{"start":{"line":6,"column":0},"end":{"line":10,"column":15}},"44":{"start":{"line":8,"column":0},"end":{"line":10,"column":12}},"45":{"start":{"line":14,"column":0},"end":{"line":14,"column":47}},"46":{"start":{"line":16,"column":0},"end":{"line":18,"column":17}},"47":{"start":{"line":18,"column":0},"end":{"line":18,"column":14}},"48":{"start":{"line":30,"column":0},"end":{"line":30,"column":57}},"49":{"start":{"line":30,"column":57},"end":{"line":34,"column":59}},"50":{"start":{"line":32,"column":32},"end":{"line":32,"column":65}},"51":{"start":{"line":32,"column":65},"end":{"line":32,"column":199}},"52":{"start":{"line":32,"column":81},"end":{"line":32,"column":108}},"53":{"start":{"line":32,"column":108},"end":{"line":32,"column":198}},"54":{"start":{"line":32,"column":199},"end":{"line":34,"column":18}},"55":{"start":{"line":34,"column":0},"end":{"line":34,"column":13}},"56":{"start":{"line":34,"column":18},"end":{"line":34,"column":30}},"57":{"start":{"line":34,"column":59},"end":{"line":40,"column":63}},"58":{"start":{"line":38,"column":37},"end":{"line":38,"column":75}},"59":{"start":{"line":38,"column":75},"end":{"line":38,"column":221}},"60":{"start":{"line":38,"column":95},"end":{"line":38,"column":126}},"61":{"start":{"line":38,"column":126},"end":{"line":38,"column":220}},"62":{"start":{"line":38,"column":221},"end":{"line":40,"column":18}},"63":{"start":{"line":40,"column":0},"end":{"line":40,"column":13}},"64":{"start":{"line":40,"column":18},"end":{"line":40,"column":34}},"65":{"start":{"line":40,"column":63},"end":{"line":45,"column":29}},"66":{"start":{"line":44,"column":23},"end":{"line":44,"column":81}},"67":{"start":{"line":44,"column":46},"end":{"line":44,"column":80}},"68":{"start":{"line":44,"column":81},"end":{"line":45,"column":6}},"69":{"start":{"line":45,"column":6},"end":{"line":45,"column":25}},"70":{"start":{"line":50,"column":0},"end":{"line":50,"column":22}},"71":{"start":{"line":51,"column":0},"end":{"line":51,"column":30}},"72":{"start":{"line":52,"column":0},"end":{"line":52,"column":22}},"73":{"start":{"line":53,"column":0},"end":{"line":53,"column":34}},"74":{"start":{"line":54,"column":0},"end":{"line":54,"column":36}},"75":{"start":{"line":55,"column":0},"end":{"line":55,"column":42}},"76":{"start":{"line":56,"column":0},"end":{"line":56,"column":32}},"77":{"start":{"line":57,"column":0},"end":{"line":57,"column":23}},"78":{"start":{"line":58,"column":0},"end":{"line":58,"column":36}},"79":{"start":{"line":59,"column":0},"end":{"line":59,"column":29}},"80":{"start":{"line":60,"column":0},"end":{"line":60,"column":24}},"81":{"start":{"line":61,"column":0},"end":{"line":61,"column":30}},"82":{"start":{"line":72,"column":0},"end":{"line":72,"column":14}},"83":{"start":{"line":73,"column":0},"end":{"line":73,"column":26}},"84":{"start":{"line":74,"column":0},"end":{"line":74,"column":28}},"85":{"start":{"line":75,"column":0},"end":{"line":75,"column":34}},"86":{"start":{"line":76,"column":0},"end":{"line":76,"column":24}},"87":{"start":{"line":77,"column":0},"end":{"line":77,"column":15}},"88":{"start":{"line":78,"column":0},"end":{"line":78,"column":21}},"89":{"start":{"line":79,"column":0},"end":{"line":79,"column":16}},"90":{"start":{"line":80,"column":0},"end":{"line":80,"column":22}},"91":{"start":{"line":80,"column":22},"end":{"line":83,"column":10}},"92":{"start":{"line":83,"column":10},"end":{"line":84,"column":18}},"93":{"start":{"line":84,"column":18},"end":{"line":85,"column":10}},"94":{"start":{"line":85,"column":10},"end":{"line":86,"column":34}},"95":{"start":{"line":86,"column":34},"end":{"line":87,"column":38}},"96":{"start":{"line":87,"column":38},"end":{"line":88,"column":50}},"97":{"start":{"line":88,"column":50},"end":{"line":89,"column":30}},"98":{"start":{"line":89,"column":30},"end":{"line":90,"column":12}},"99":{"start":{"line":90,"column":12},"end":{"line":91,"column":24}},"100":{"start":{"line":91,"column":24},"end":{"line":92,"column":28}},"101":{"start":{"line":92,"column":28},"end":{"line":93,"column":18}},"102":{"start":{"line":93,"column":18},"end":{"line":94,"column":16}},"103":{"start":{"line":94,"column":16},"end":{"line":97,"column":12}}},"branchMap":{"1":{"line":1,"type":"binary-expr","locations":[{"start":{"line":1,"column":504},"end":{"line":1,"column":525}},{"start":{"line":1,"column":527},"end":{"line":1,"column":532}}]},"2":{"line":1,"type":"if","locations":[{"start":{"line":1,"column":562},"end":{"line":1,"column":562}},{"start":{"line":1,"column":562},"end":{"line":1,"column":562}}]},"3":{"line":1,"type":"if","locations":[{"start":{"line":1,"column":722},"end":{"line":1,"column":722}},{"start":{"line":1,"column":722},"end":{"line":1,"column":722}}]},"4":{"line":1,"type":"if","locations":[{"start":{"line":1,"column":787},"end":{"line":1,"column":787}},{"start":{"line":1,"column":787},"end":{"line":1,"column":787}}]},"5":{"line":1,"type":"binary-expr","locations":[{"start":{"line":1,"column":882},"end":{"line":1,"column":895}},{"start":{"line":1,"column":897},"end":{"line":1,"column":1092}}]},"6":{"line":1,"type":"if","locations":[{"start":{"line":1,"column":997},"end":{"line":1,"column":997}},{"start":{"line":1,"column":997},"end":{"line":1,"column":997}}]},"7":{"line":3,"type":"cond-expr","locations":[{"start":{"line":3,"column":135},"end":{"line":3,"column":138}},{"start":{"line":3,"column":139},"end":{"line":3,"column":152}}]},"8":{"line":3,"type":"binary-expr","locations":[{"start":{"line":3,"column":115},"end":{"line":3,"column":118}},{"start":{"line":3,"column":120},"end":{"line":3,"column":134}}]},"9":{"line":3,"type":"if","locations":[{"start":{"line":3,"column":201},"end":{"line":3,"column":201}},{"start":{"line":3,"column":201},"end":{"line":3,"column":201}}]},"10":{"line":3,"type":"if","locations":[{"start":{"line":3,"column":346},"end":{"line":3,"column":346}},{"start":{"line":3,"column":346},"end":{"line":3,"column":346}}]},"11":{"line":3,"type":"cond-expr","locations":[{"start":{"line":3,"column":507},"end":{"line":3,"column":511}},{"start":{"line":3,"column":512},"end":{"line":3,"column":516}}]},"12":{"line":3,"type":"binary-expr","locations":[{"start":{"line":3,"column":450},"end":{"line":3,"column":454}},{"start":{"line":3,"column":457},"end":{"line":3,"column":479}},{"start":{"line":3,"column":481},"end":{"line":3,"column":505}}]},"13":{"line":3,"type":"if","locations":[{"start":{"line":3,"column":558},"end":{"line":3,"column":558}},{"start":{"line":3,"column":558},"end":{"line":3,"column":558}}]},"14":{"line":3,"type":"binary-expr","locations":[{"start":{"line":3,"column":561},"end":{"line":3,"column":591}},{"start":{"line":3,"column":593},"end":{"line":3,"column":610}}]},"15":{"line":3,"type":"binary-expr","locations":[{"start":{"line":3,"column":744},"end":{"line":3,"column":754}},{"start":{"line":3,"column":756},"end":{"line":3,"column":776}}]},"16":{"line":3,"type":"if","locations":[{"start":{"line":3,"column":858},"end":{"line":3,"column":858}},{"start":{"line":3,"column":858},"end":{"line":3,"column":858}}]},"17":{"line":3,"type":"cond-expr","locations":[{"start":{"line":3,"column":894},"end":{"line":3,"column":936}},{"start":{"line":3,"column":937},"end":{"line":3,"column":966}}]}},"l":{"1":24,"3":16,"4":8,"6":8,"8":1,"14":8,"16":8,"18":5,"30":8,"32":8,"34":8,"38":8,"40":8,"44":8,"45":8,"50":8,"51":8,"52":8,"53":8,"54":8,"55":8,"56":8,"57":8,"58":8,"59":8,"60":8,"61":8,"72":8,"73":8,"74":8,"75":8,"76":8,"77":8,"78":8,"79":8,"80":8,"83":8,"84":8,"85":8,"86":8,"87":8,"88":8,"89":8,"90":8,"91":8,"92":8,"93":8,"94":8}},
"/Users/kentor/GitProjects/jsair/ReactNativeApp/common/components/twitterLink/TwitterLink.js":{"path":"/Users/kentor/GitProjects/jsair/ReactNativeApp/common/components/twitterLink/TwitterLink.js","s":{"1":1,"2":1,"3":1,"4":1,"5":1,"6":1,"7":1,"8":1,"9":1,"10":1,"11":1,"12":1},"b":{"1":[0,1],"2":[1,1],"3":[1,0]},"f":{"1":1,"2":1},"fnMap":{"1":{"name":"_interopRequireDefault","line":6,"loc":{"start":{"line":6,"column":41},"end":{"line":6,"column":77}}},"2":{"name":"TwitterLink","line":11,"loc":{"start":{"line":11,"column":16},"end":{"line":11,"column":43}}}},"statementMap":{"1":{"start":{"line":1,"column":13},"end":{"line":1,"column":70}},"2":{"start":{"line":3,"column":0},"end":{"line":3,"column":28}},"3":{"start":{"line":3,"column":28},"end":{"line":3,"column":71}},"4":{"start":{"line":6,"column":0},"end":{"line":6,"column":41}},"5":{"start":{"line":6,"column":41},"end":{"line":6,"column":124}},"6":{"start":{"line":6,"column":78},"end":{"line":6,"column":123}},"7":{"start":{"line":11,"column":0},"end":{"line":24,"column":40}},"8":{"start":{"line":12,"column":0},"end":{"line":17,"column":31}},"9":{"start":{"line":20,"column":0},"end":{"line":24,"column":38}},"10":{"start":{"line":31,"column":0},"end":{"line":37,"column":38}},"11":{"start":{"line":40,"column":0},"end":{"line":44,"column":16}},"12":{"start":{"line":44,"column":16},"end":{"line":47,"column":12}}},"branchMap":{"1":{"line":6,"type":"cond-expr","locations":[{"start":{"line":6,"column":105},"end":{"line":6,"column":108}},{"start":{"line":6,"column":109},"end":{"line":6,"column":122}}]},"2":{"line":6,"type":"binary-expr","locations":[{"start":{"line":6,"column":85},"end":{"line":6,"column":88}},{"start":{"line":6,"column":90},"end":{"line":6,"column":104}}]},"3":{"line":24,"type":"cond-expr","locations":[{"start":{"line":24,"column":14},"end":{"line":24,"column":31}},{"start":{"line":24,"column":32},"end":{"line":24,"column":34}}]}},"l":{"1":1,"3":1,"6":1,"11":1,"12":1,"20":1,"31":1,"40":1,"44":1}},
"/Users/kentor/GitProjects/jsair/ReactNativeApp/common/components/noData/noData.js":{"path":"/Users/kentor/GitProjects/jsair/ReactNativeApp/common/components/noData/noData.js","s":{"1":1,"2":1,"3":1,"4":1,"5":1,"6":1,"7":1,"8":1,"9":2,"10":1,"11":1,"12":1,"13":1,"14":1,"15":1},"b":{"1":[0,2],"2":[2,1]},"f":{"1":2,"2":1},"fnMap":{"1":{"name":"_interopRequireDefault","line":15,"loc":{"start":{"line":15,"column":109},"end":{"line":15,"column":145}}},"2":{"name":"NoData","line":17,"loc":{"start":{"line":17,"column":11},"end":{"line":17,"column":33}}}},"statementMap":{"1":{"start":{"line":1,"column":13},"end":{"line":1,"column":70}},"2":{"start":{"line":3,"column":0},"end":{"line":3,"column":28}},"3":{"start":{"line":3,"column":28},"end":{"line":3,"column":71}},"4":{"start":{"line":6,"column":0},"end":{"line":6,"column":41}},"5":{"start":{"line":11,"column":0},"end":{"line":11,"column":46}},"6":{"start":{"line":15,"column":0},"end":{"line":15,"column":60}},"7":{"start":{"line":15,"column":60},"end":{"line":15,"column":109}},"8":{"start":{"line":15,"column":109},"end":{"line":15,"column":192}},"9":{"start":{"line":15,"column":146},"end":{"line":15,"column":191}},"10":{"start":{"line":17,"column":0},"end":{"line":27,"column":22}},"11":{"start":{"line":18,"column":0},"end":{"line":27,"column":20}},"12":{"start":{"line":33,"column":0},"end":{"line":35,"column":36}},"13":{"start":{"line":38,"column":0},"end":{"line":40,"column":55}},"14":{"start":{"line":43,"column":0},"end":{"line":55,"column":36}},"15":{"start":{"line":55,"column":36},"end":{"line":59,"column":7}}},"branchMap":{"1":{"line":15,"type":"cond-expr","locations":[{"start":{"line":15,"column":173},"end":{"line":15,"column":176}},{"start":{"line":15,"column":177},"end":{"line":15,"column":190}}]},"2":{"line":15,"type":"binary-expr","locations":[{"start":{"line":15,"column":153},"end":{"line":15,"column":156}},{"start":{"line":15,"column":158},"end":{"line":15,"column":172}}]}},"l":{"1":1,"3":1,"6":1,"11":1,"15":2,"17":1,"18":1,"33":1,"38":1,"43":1,"55":1}},
"/Users/kentor/GitProjects/jsair/ReactNativeApp/common/components/button/Button.js":{"path":"/Users/kentor/GitProjects/jsair/ReactNativeApp/common/components/button/Button.js","s":{"1":1,"2":1,"3":1,"4":1,"5":2,"6":2,"7":2,"8":2,"9":2,"10":2,"11":1,"12":1,"13":1,"14":1,"15":0,"16":1,"17":1,"18":1,"19":1,"20":1,"21":1,"22":1,"23":1,"24":0,"25":1,"26":1,"27":0,"28":1,"29":1,"30":1,"31":0,"32":1,"33":1,"34":1,"35":1,"36":1,"37":1,"38":1,"39":1,"40":1,"41":1,"42":2,"43":2,"44":1,"45":1,"46":1,"47":1},"b":{"1":[2,2],"2":[2,0],"3":[1,0],"4":[0,1],"5":[0,1],"6":[1,1],"7":[0,1],"8":[0,1],"9":[0,1],"10":[1,0,0],"11":[0,1],"12":[1,0],"13":[1,1],"14":[1,0],"15":[1,0]},"f":{"1":1,"2":1,"3":1,"4":1,"5":1,"6":1,"7":1,"8":1,"9":1,"10":1,"11":2,"12":1},"fnMap":{"1":{"name":"(anonymous_1)","line":1,"loc":{"start":{"line":1,"column":87},"end":{"line":1,"column":97}}},"2":{"name":"defineProperties","line":1,"loc":{"start":{"line":1,"column":98},"end":{"line":1,"column":137}}},"3":{"name":"(anonymous_3)","line":1,"loc":{"start":{"line":1,"column":389},"end":{"line":1,"column":433}}},"4":{"name":"_interopRequireDefault","line":7,"loc":{"start":{"line":7,"column":41},"end":{"line":7,"column":77}}},"5":{"name":"_classCallCheck","line":7,"loc":{"start":{"line":7,"column":124},"end":{"line":7,"column":170}}},"6":{"name":"_possibleConstructorReturn","line":7,"loc":{"start":{"line":7,"column":269},"end":{"line":7,"column":315}}},"7":{"name":"_inherits","line":7,"loc":{"start":{"line":7,"column":488},"end":{"line":7,"column":527}}},"8":{"name":"(anonymous_8)","line":13,"loc":{"start":{"line":13,"column":7},"end":{"line":13,"column":27}}},"9":{"name":"Button","line":13,"loc":{"start":{"line":13,"column":57},"end":{"line":13,"column":74}}},"10":{"name":"handlePress","line":13,"loc":{"start":{"line":13,"column":243},"end":{"line":15,"column":6}}},"11":{"name":"render","line":16,"loc":{"start":{"line":16,"column":49},"end":{"line":19,"column":0}}},"12":{"name":"onPress","line":24,"loc":{"start":{"line":24,"column":8},"end":{"line":24,"column":27}}}},"statementMap":{"1":{"start":{"line":1,"column":13},"end":{"line":1,"column":70}},"2":{"start":{"line":1,"column":70},"end":{"line":1,"column":581}},"3":{"start":{"line":1,"column":98},"end":{"line":1,"column":382}},"4":{"start":{"line":1,"column":138},"end":{"line":1,"column":381}},"5":{"start":{"line":1,"column":170},"end":{"line":1,"column":194}},"6":{"start":{"line":1,"column":194},"end":{"line":1,"column":245}},"7":{"start":{"line":1,"column":245},"end":{"line":1,"column":274}},"8":{"start":{"line":1,"column":274},"end":{"line":1,"column":324}},"9":{"start":{"line":1,"column":299},"end":{"line":1,"column":324}},"10":{"start":{"line":1,"column":324},"end":{"line":1,"column":380}},"11":{"start":{"line":1,"column":382},"end":{"line":1,"column":577}},"12":{"start":{"line":1,"column":434},"end":{"line":1,"column":499}},"13":{"start":{"line":1,"column":448},"end":{"line":1,"column":499}},"14":{"start":{"line":1,"column":499},"end":{"line":1,"column":556}},"15":{"start":{"line":1,"column":514},"end":{"line":1,"column":556}},"16":{"start":{"line":1,"column":556},"end":{"line":1,"column":575}},"17":{"start":{"line":3,"column":0},"end":{"line":3,"column":28}},"18":{"start":{"line":3,"column":28},"end":{"line":3,"column":71}},"19":{"start":{"line":7,"column":0},"end":{"line":7,"column":41}},"20":{"start":{"line":7,"column":41},"end":{"line":7,"column":124}},"21":{"start":{"line":7,"column":78},"end":{"line":7,"column":123}},"22":{"start":{"line":7,"column":124},"end":{"line":7,"column":269}},"23":{"start":{"line":7,"column":171},"end":{"line":7,"column":268}},"24":{"start":{"line":7,"column":210},"end":{"line":7,"column":267}},"25":{"start":{"line":7,"column":269},"end":{"line":7,"column":488}},"26":{"start":{"line":7,"column":316},"end":{"line":7,"column":413}},"27":{"start":{"line":7,"column":326},"end":{"line":7,"column":412}},"28":{"start":{"line":7,"column":413},"end":{"line":7,"column":487}},"29":{"start":{"line":7,"column":488},"end":{"line":7,"column":938}},"30":{"start":{"line":7,"column":528},"end":{"line":7,"column":681}},"31":{"start":{"line":7,"column":582},"end":{"line":7,"column":680}},"32":{"start":{"line":7,"column":681},"end":{"line":7,"column":828}},"33":{"start":{"line":7,"column":828},"end":{"line":7,"column":937}},"34":{"start":{"line":7,"column":842},"end":{"line":7,"column":937}},"35":{"start":{"line":7,"column":938},"end":{"line":26,"column":63}},"36":{"start":{"line":13,"column":28},"end":{"line":13,"column":57}},"37":{"start":{"line":13,"column":57},"end":{"line":13,"column":197}},"38":{"start":{"line":13,"column":75},"end":{"line":13,"column":104}},"39":{"start":{"line":13,"column":104},"end":{"line":13,"column":196}},"40":{"start":{"line":13,"column":197},"end":{"line":26,"column":29}},"41":{"start":{"line":16,"column":0},"end":{"line":16,"column":26}},"42":{"start":{"line":19,"column":1},"end":{"line":19,"column":17}},"43":{"start":{"line":20,"column":0},"end":{"line":26,"column":24}},"44":{"start":{"line":24,"column":28},"end":{"line":24,"column":57}},"45":{"start":{"line":26,"column":29},"end":{"line":26,"column":43}},"46":{"start":{"line":35,"column":0},"end":{"line":38,"column":42}},"47":{"start":{"line":38,"column":42},"end":{"line":42,"column":7}}},"branchMap":{"1":{"line":1,"type":"binary-expr","locations":[{"start":{"line":1,"column":216},"end":{"line":1,"column":237}},{"start":{"line":1,"column":239},"end":{"line":1,"column":244}}]},"2":{"line":1,"type":"if","locations":[{"start":{"line":1,"column":274},"end":{"line":1,"column":274}},{"start":{"line":1,"column":274},"end":{"line":1,"column":274}}]},"3":{"line":1,"type":"if","locations":[{"start":{"line":1,"column":434},"end":{"line":1,"column":434}},{"start":{"line":1,"column":434},"end":{"line":1,"column":434}}]},"4":{"line":1,"type":"if","locations":[{"start":{"line":1,"column":499},"end":{"line":1,"column":499}},{"start":{"line":1,"column":499},"end":{"line":1,"column":499}}]},"5":{"line":7,"type":"cond-expr","locations":[{"start":{"line":7,"column":105},"end":{"line":7,"column":108}},{"start":{"line":7,"column":109},"end":{"line":7,"column":122}}]},"6":{"line":7,"type":"binary-expr","locations":[{"start":{"line":7,"column":85},"end":{"line":7,"column":88}},{"start":{"line":7,"column":90},"end":{"line":7,"column":104}}]},"7":{"line":7,"type":"if","locations":[{"start":{"line":7,"column":171},"end":{"line":7,"column":171}},{"start":{"line":7,"column":171},"end":{"line":7,"column":171}}]},"8":{"line":7,"type":"if","locations":[{"start":{"line":7,"column":316},"end":{"line":7,"column":316}},{"start":{"line":7,"column":316},"end":{"line":7,"column":316}}]},"9":{"line":7,"type":"cond-expr","locations":[{"start":{"line":7,"column":477},"end":{"line":7,"column":481}},{"start":{"line":7,"column":482},"end":{"line":7,"column":486}}]},"10":{"line":7,"type":"binary-expr","locations":[{"start":{"line":7,"column":420},"end":{"line":7,"column":424}},{"start":{"line":7,"column":427},"end":{"line":7,"column":449}},{"start":{"line":7,"column":451},"end":{"line":7,"column":475}}]},"11":{"line":7,"type":"if","locations":[{"start":{"line":7,"column":528},"end":{"line":7,"column":528}},{"start":{"line":7,"column":528},"end":{"line":7,"column":528}}]},"12":{"line":7,"type":"binary-expr","locations":[{"start":{"line":7,"column":531},"end":{"line":7,"column":561}},{"start":{"line":7,"column":563},"end":{"line":7,"column":580}}]},"13":{"line":7,"type":"binary-expr","locations":[{"start":{"line":7,"column":714},"end":{"line":7,"column":724}},{"start":{"line":7,"column":726},"end":{"line":7,"column":746}}]},"14":{"line":7,"type":"if","locations":[{"start":{"line":7,"column":828},"end":{"line":7,"column":828}},{"start":{"line":7,"column":828},"end":{"line":7,"column":828}}]},"15":{"line":7,"type":"cond-expr","locations":[{"start":{"line":7,"column":864},"end":{"line":7,"column":906}},{"start":{"line":7,"column":907},"end":{"line":7,"column":936}}]}},"l":{"1":2,"3":1,"7":1,"13":1,"16":1,"19":2,"20":2,"24":1,"26":1,"35":1,"38":1}},
"/Users/kentor/GitProjects/jsair/ReactNativeApp/common/components/episodeCard/timeHeader/TimeHeader.js":{"path":"/Users/kentor/GitProjects/jsair/ReactNativeApp/common/components/episodeCard/timeHeader/TimeHeader.js","s":{"1":1,"2":1,"3":1,"4":1,"5":1,"6":1,"7":1,"8":1,"9":1,"10":1,"11":3,"12":1,"13":1,"14":1,"15":1,"16":1},"b":{"1":[0,3],"2":[3,2]},"f":{"1":3,"2":1},"fnMap":{"1":{"name":"_interopRequireDefault","line":13,"loc":{"start":{"line":13,"column":75},"end":{"line":13,"column":111}}},"2":{"name":"TimeHeader","line":15,"loc":{"start":{"line":15,"column":15},"end":{"line":15,"column":41}}}},"statementMap":{"1":{"start":{"line":1,"column":13},"end":{"line":1,"column":70}},"2":{"start":{"line":3,"column":0},"end":{"line":3,"column":28}},"3":{"start":{"line":3,"column":28},"end":{"line":3,"column":71}},"4":{"start":{"line":6,"column":0},"end":{"line":6,"column":41}},"5":{"start":{"line":11,"column":0},"end":{"line":11,"column":49}},"6":{"start":{"line":12,"column":0},"end":{"line":12,"column":60}},"7":{"start":{"line":12,"column":60},"end":{"line":12,"column":109}},"8":{"start":{"line":13,"column":0},"end":{"line":13,"column":30}},"9":{"start":{"line":13,"column":30},"end":{"line":13,"column":75}},"10":{"start":{"line":13,"column":75},"end":{"line":13,"column":158}},"11":{"start":{"line":13,"column":112},"end":{"line":13,"column":157}},"12":{"start":{"line":15,"column":0},"end":{"line":19,"column":23}},"13":{"start":{"line":16,"column":0},"end":{"line":19,"column":21}},"14":{"start":{"line":25,"column":0},"end":{"line":26,"column":48}},"15":{"start":{"line":29,"column":0},"end":{"line":38,"column":38}},"16":{"start":{"line":38,"column":38},"end":{"line":42,"column":11}}},"branchMap":{"1":{"line":13,"type":"cond-expr","locations":[{"start":{"line":13,"column":139},"end":{"line":13,"column":142}},{"start":{"line":13,"column":143},"end":{"line":13,"column":156}}]},"2":{"line":13,"type":"binary-expr","locations":[{"start":{"line":13,"column":119},"end":{"line":13,"column":122}},{"start":{"line":13,"column":124},"end":{"line":13,"column":138}}]}},"l":{"1":1,"3":1,"6":1,"11":1,"12":1,"13":3,"15":1,"16":1,"25":1,"29":1,"38":1}},
"/Users/kentor/GitProjects/jsair/ReactNativeApp/common/components/episodeCard/episodeButton/EpisodeButton.js":{"path":"/Users/kentor/GitProjects/jsair/ReactNativeApp/common/components/episodeCard/episodeButton/EpisodeButton.js","s":{"1":1,"2":1,"3":1,"4":1,"5":1,"6":1,"7":1,"8":1,"9":1,"10":1,"11":1,"12":1,"13":1},"b":{"1":[0,1],"2":[1,1]},"f":{"1":1,"2":1},"fnMap":{"1":{"name":"_interopRequireDefault","line":12,"loc":{"start":{"line":12,"column":49},"end":{"line":12,"column":85}}},"2":{"name":"EpisodeButton","line":16,"loc":{"start":{"line":16,"column":18},"end":{"line":16,"column":47}}}},"statementMap":{"1":{"start":{"line":1,"column":13},"end":{"line":1,"column":70}},"2":{"start":{"line":3,"column":0},"end":{"line":3,"column":28}},"3":{"start":{"line":3,"column":28},"end":{"line":3,"column":71}},"4":{"start":{"line":6,"column":0},"end":{"line":6,"column":41}},"5":{"start":{"line":12,"column":0},"end":{"line":12,"column":49}},"6":{"start":{"line":12,"column":49},"end":{"line":12,"column":132}},"7":{"start":{"line":12,"column":86},"end":{"line":12,"column":131}},"8":{"start":{"line":14,"column":0},"end":{"line":14,"column":49}},"9":{"start":{"line":16,"column":0},"end":{"line":23,"column":22}},"10":{"start":{"line":17,"column":0},"end":{"line":23,"column":20}},"11":{"start":{"line":29,"column":0},"end":{"line":31,"column":45}},"12":{"start":{"line":34,"column":0},"end":{"line":44,"column":27}},"13":{"start":{"line":44,"column":27},"end":{"line":48,"column":14}}},"branchMap":{"1":{"line":12,"type":"cond-expr","locations":[{"start":{"line":12,"column":113},"end":{"line":12,"column":116}},{"start":{"line":12,"column":117},"end":{"line":12,"column":130}}]},"2":{"line":12,"type":"binary-expr","locations":[{"start":{"line":12,"column":93},"end":{"line":12,"column":96}},{"start":{"line":12,"column":98},"end":{"line":12,"column":112}}]}},"l":{"1":1,"3":1,"6":1,"12":1,"14":1,"16":1,"17":1,"29":1,"34":1,"44":1}},
"/Users/kentor/GitProjects/jsair/ReactNativeApp/common/redux/actions/episodes.js":{"path":"/Users/kentor/GitProjects/jsair/ReactNativeApp/common/redux/actions/episodes.js","s":{"1":1,"2":1,"3":1,"4":1,"5":1,"6":1,"7":1,"8":1,"9":1,"10":0,"11":0,"12":0,"13":0,"14":0,"15":1,"16":1,"17":1,"18":1,"19":0,"20":0,"21":1,"22":0,"23":0,"24":0,"25":0,"26":0,"27":1,"28":0,"29":0,"30":1,"31":0,"32":0,"33":0,"34":0,"35":0,"36":0,"37":0,"38":0,"39":0,"40":0,"41":0,"42":0,"43":1,"44":0,"45":0,"46":0,"47":0,"48":0,"49":0,"50":1,"51":0,"52":0,"53":0,"54":0,"55":0,"56":0,"57":0,"58":1,"59":0,"60":0,"61":1,"62":0,"63":0,"64":1,"65":0,"66":0,"67":0,"68":1,"69":0,"70":0,"71":1,"72":0,"73":0,"74":1,"75":0},"b":{"1":[0,1],"2":[1,1],"3":[0,0],"4":[0,0],"5":[0,0],"6":[0,0],"7":[0,0],"8":[0,0],"9":[0,0],"10":[0,0],"11":[0,0],"12":[0,0],"13":[0,0],"14":[0,0],"15":[0,0],"16":[0,0],"17":[0,0],"18":[0,0],"19":[0,0],"20":[0,0],"21":[0,0],"22":[0,0],"23":[0,0],"24":[0,0],"25":[0,0],"26":[0,0],"27":[0,0],"28":[0,0]},"f":{"1":1,"2":0,"3":0,"4":0,"5":0,"6":0,"7":0,"8":0,"9":0,"10":0,"11":0,"12":0,"13":0,"14":0,"15":0,"16":0,"17":0,"18":0,"19":0,"20":0,"21":0,"22":0,"23":0},"fnMap":{"1":{"name":"_interopRequireDefault","line":7,"loc":{"start":{"line":7,"column":75},"end":{"line":7,"column":111}}},"2":{"name":"_toConsumableArray","line":7,"loc":{"start":{"line":7,"column":158},"end":{"line":7,"column":190}}},"3":{"name":"requestEpisodeData","line":14,"loc":{"start":{"line":14,"column":23},"end":{"line":14,"column":52}}},"4":{"name":"receivedEpisodeData","line":21,"loc":{"start":{"line":21,"column":24},"end":{"line":21,"column":65}}},"5":{"name":"errorFetchingEpisodeData","line":36,"loc":{"start":{"line":36,"column":29},"end":{"line":36,"column":64}}},"6":{"name":"fetchAllEpisodeData","line":43,"loc":{"start":{"line":43,"column":52},"end":{"line":43,"column":82}}},"7":{"name":"(anonymous_7)","line":44,"loc":{"start":{"line":44,"column":7},"end":{"line":44,"column":25}}},"8":{"name":"(anonymous_8)","line":50,"loc":{"start":{"line":50,"column":5},"end":{"line":50,"column":19}}},"9":{"name":"(anonymous_9)","line":54,"loc":{"start":{"line":54,"column":5},"end":{"line":54,"column":23}}},"10":{"name":"(anonymous_10)","line":56,"loc":{"start":{"line":56,"column":0},"end":{"line":56,"column":14}}},"11":{"name":"(anonymous_11)","line":58,"loc":{"start":{"line":58,"column":0},"end":{"line":58,"column":13}}},"12":{"name":"fetchAllEpisodesIfNeeded","line":67,"loc":{"start":{"line":67,"column":62},"end":{"line":67,"column":97}}},"13":{"name":"(anonymous_13)","line":68,"loc":{"start":{"line":68,"column":7},"end":{"line":68,"column":34}}},"14":{"name":"shouldFetchAllEpisodesData","line":80,"loc":{"start":{"line":80,"column":0},"end":{"line":80,"column":42}}},"15":{"name":"filterPastEpisodes","line":96,"loc":{"start":{"line":96,"column":0},"end":{"line":96,"column":39}}},"16":{"name":"(anonymous_16)","line":98,"loc":{"start":{"line":98,"column":0},"end":{"line":98,"column":17}}},"17":{"name":"filterFuturEpisodes","line":105,"loc":{"start":{"line":105,"column":0},"end":{"line":105,"column":40}}},"18":{"name":"(anonymous_18)","line":106,"loc":{"start":{"line":106,"column":25},"end":{"line":106,"column":42}}},"19":{"name":"filterUpcomingEpisodes","line":109,"loc":{"start":{"line":109,"column":0},"end":{"line":109,"column":43}}},"20":{"name":"(anonymous_20)","line":111,"loc":{"start":{"line":111,"column":0},"end":{"line":111,"column":17}}},"21":{"name":"isFuture","line":119,"loc":{"start":{"line":119,"column":0},"end":{"line":119,"column":23}}},"22":{"name":"isPast","line":123,"loc":{"start":{"line":123,"column":0},"end":{"line":123,"column":21}}},"23":{"name":"isToday","line":127,"loc":{"start":{"line":127,"column":0},"end":{"line":127,"column":22}}}},"statementMap":{"1":{"start":{"line":1,"column":13},"end":{"line":1,"column":70}},"2":{"start":{"line":1,"column":70},"end":{"line":1,"column":239}},"3":{"start":{"line":4,"column":0},"end":{"line":4,"column":40}},"4":{"start":{"line":6,"column":0},"end":{"line":6,"column":36}},"5":{"start":{"line":7,"column":0},"end":{"line":7,"column":30}},"6":{"start":{"line":7,"column":30},"end":{"line":7,"column":75}},"7":{"start":{"line":7,"column":75},"end":{"line":7,"column":158}},"8":{"start":{"line":7,"column":112},"end":{"line":7,"column":157}},"9":{"start":{"line":7,"column":158},"end":{"line":7,"column":327}},"10":{"start":{"line":7,"column":191},"end":{"line":7,"column":326}},"11":{"start":{"line":7,"column":214},"end":{"line":7,"column":283}},"12":{"start":{"line":7,"column":267},"end":{"line":7,"column":282}},"13":{"start":{"line":7,"column":283},"end":{"line":7,"column":295}},"14":{"start":{"line":7,"column":302},"end":{"line":7,"column":325}},"15":{"start":{"line":9,"column":0},"end":{"line":9,"column":80}},"16":{"start":{"line":10,"column":0},"end":{"line":10,"column":83}},"17":{"start":{"line":11,"column":0},"end":{"line":11,"column":101}},"18":{"start":{"line":14,"column":0},"end":{"line":17,"column":25}},"19":{"start":{"line":14,"column":53},"end":{"line":14,"column":165}},"20":{"start":{"line":15,"column":0},"end":{"line":17,"column":23}},"21":{"start":{"line":21,"column":0},"end":{"line":32,"column":31}},"22":{"start":{"line":21,"column":66},"end":{"line":21,"column":178}},"23":{"start":{"line":22,"column":0},"end":{"line":22,"column":59}},"24":{"start":{"line":23,"column":0},"end":{"line":23,"column":51}},"25":{"start":{"line":24,"column":0},"end":{"line":24,"column":57}},"26":{"start":{"line":26,"column":0},"end":{"line":32,"column":29}},"27":{"start":{"line":36,"column":0},"end":{"line":38,"column":37}},"28":{"start":{"line":36,"column":65},"end":{"line":36,"column":177}},"29":{"start":{"line":37,"column":0},"end":{"line":38,"column":35}},"30":{"start":{"line":43,"column":0},"end":{"line":60,"column":92}},"31":{"start":{"line":43,"column":83},"end":{"line":43,"column":227}},"32":{"start":{"line":44,"column":0},"end":{"line":60,"column":90}},"33":{"start":{"line":45,"column":0},"end":{"line":45,"column":31}},"34":{"start":{"line":47,"column":0},"end":{"line":60,"column":88}},"35":{"start":{"line":49,"column":0},"end":{"line":50,"column":71}},"36":{"start":{"line":50,"column":20},"end":{"line":50,"column":68}},"37":{"start":{"line":52,"column":0},"end":{"line":52,"column":26}},"38":{"start":{"line":53,"column":0},"end":{"line":60,"column":87}},"39":{"start":{"line":54,"column":24},"end":{"line":54,"column":47}},"40":{"start":{"line":56,"column":15},"end":{"line":56,"column":58}},"41":{"start":{"line":59,"column":0},"end":{"line":59,"column":37}},"42":{"start":{"line":60,"column":0},"end":{"line":60,"column":84}},"43":{"start":{"line":67,"column":0},"end":{"line":73,"column":98}},"44":{"start":{"line":67,"column":98},"end":{"line":67,"column":242}},"45":{"start":{"line":68,"column":0},"end":{"line":73,"column":96}},"46":{"start":{"line":69,"column":0},"end":{"line":71,"column":43}},"47":{"start":{"line":70,"column":0},"end":{"line":70,"column":90}},"48":{"start":{"line":71,"column":0},"end":{"line":71,"column":42}},"49":{"start":{"line":73,"column":0},"end":{"line":73,"column":94}},"50":{"start":{"line":80,"column":0},"end":{"line":91,"column":15}},"51":{"start":{"line":81,"column":0},"end":{"line":81,"column":28}},"52":{"start":{"line":83,"column":0},"end":{"line":84,"column":14}},"53":{"start":{"line":84,"column":0},"end":{"line":84,"column":13}},"54":{"start":{"line":87,"column":0},"end":{"line":91,"column":14}},"55":{"start":{"line":88,"column":0},"end":{"line":91,"column":13}},"56":{"start":{"line":89,"column":0},"end":{"line":89,"column":13}},"57":{"start":{"line":91,"column":0},"end":{"line":91,"column":12}},"58":{"start":{"line":96,"column":0},"end":{"line":100,"column":70}},"59":{"start":{"line":97,"column":0},"end":{"line":100,"column":69}},"60":{"start":{"line":99,"column":0},"end":{"line":100,"column":66}},"61":{"start":{"line":105,"column":0},"end":{"line":106,"column":120}},"62":{"start":{"line":106,"column":0},"end":{"line":106,"column":119}},"63":{"start":{"line":106,"column":43},"end":{"line":106,"column":116}},"64":{"start":{"line":109,"column":0},"end":{"line":116,"column":60}},"65":{"start":{"line":110,"column":0},"end":{"line":113,"column":69}},"66":{"start":{"line":112,"column":0},"end":{"line":113,"column":66}},"67":{"start":{"line":116,"column":0},"end":{"line":116,"column":59}},"68":{"start":{"line":119,"column":0},"end":{"line":120,"column":51}},"69":{"start":{"line":119,"column":24},"end":{"line":119,"column":118}},"70":{"start":{"line":120,"column":0},"end":{"line":120,"column":50}},"71":{"start":{"line":123,"column":0},"end":{"line":124,"column":32}},"72":{"start":{"line":123,"column":22},"end":{"line":123,"column":116}},"73":{"start":{"line":124,"column":0},"end":{"line":124,"column":31}},"74":{"start":{"line":127,"column":0},"end":{"line":128,"column":72}},"75":{"start":{"line":128,"column":0},"end":{"line":128,"column":71}}},"branchMap":{"1":{"line":7,"type":"cond-expr","locations":[{"start":{"line":7,"column":139},"end":{"line":7,"column":142}},{"start":{"line":7,"column":143},"end":{"line":7,"column":156}}]},"2":{"line":7,"type":"binary-expr","locations":[{"start":{"line":7,"column":119},"end":{"line":7,"column":122}},{"start":{"line":7,"column":124},"end":{"line":7,"column":138}}]},"3":{"line":7,"type":"if","locations":[{"start":{"line":7,"column":191},"end":{"line":7,"column":191}},{"start":{"line":7,"column":191},"end":{"line":7,"column":191}}]},"4":{"line":14,"type":"cond-expr","locations":[{"start":{"line":14,"column":114},"end":{"line":14,"column":151}},{"start":{"line":14,"column":152},"end":{"line":14,"column":164}}]},"5":{"line":14,"type":"binary-expr","locations":[{"start":{"line":14,"column":68},"end":{"line":14,"column":87}},{"start":{"line":14,"column":89},"end":{"line":14,"column":113}}]},"6":{"line":21,"type":"cond-expr","locations":[{"start":{"line":21,"column":127},"end":{"line":21,"column":164}},{"start":{"line":21,"column":165},"end":{"line":21,"column":177}}]},"7":{"line":21,"type":"binary-expr","locations":[{"start":{"line":21,"column":81},"end":{"line":21,"column":100}},{"start":{"line":21,"column":102},"end":{"line":21,"column":126}}]},"8":{"line":36,"type":"cond-expr","locations":[{"start":{"line":36,"column":126},"end":{"line":36,"column":163}},{"start":{"line":36,"column":164},"end":{"line":36,"column":176}}]},"9":{"line":36,"type":"binary-expr","locations":[{"start":{"line":36,"column":80},"end":{"line":36,"column":99}},{"start":{"line":36,"column":101},"end":{"line":36,"column":125}}]},"10":{"line":43,"type":"cond-expr","locations":[{"start":{"line":43,"column":137},"end":{"line":43,"column":213}},{"start":{"line":43,"column":214},"end":{"line":43,"column":226}}]},"11":{"line":43,"type":"binary-expr","locations":[{"start":{"line":43,"column":91},"end":{"line":43,"column":110}},{"start":{"line":43,"column":112},"end":{"line":43,"column":136}}]},"12":{"line":47,"type":"if","locations":[{"start":{"line":47,"column":0},"end":{"line":47,"column":0}},{"start":{"line":47,"column":0},"end":{"line":47,"column":0}}]},"13":{"line":60,"type":"cond-expr","locations":[{"start":{"line":60,"column":32},"end":{"line":60,"column":78}},{"start":{"line":60,"column":79},"end":{"line":60,"column":83}}]},"14":{"line":67,"type":"cond-expr","locations":[{"start":{"line":67,"column":152},"end":{"line":67,"column":228}},{"start":{"line":67,"column":229},"end":{"line":67,"column":241}}]},"15":{"line":67,"type":"binary-expr","locations":[{"start":{"line":67,"column":106},"end":{"line":67,"column":125}},{"start":{"line":67,"column":127},"end":{"line":67,"column":151}}]},"16":{"line":69,"type":"if","locations":[{"start":{"line":69,"column":0},"end":{"line":69,"column":0}},{"start":{"line":69,"column":0},"end":{"line":69,"column":0}}]},"17":{"line":70,"type":"cond-expr","locations":[{"start":{"line":70,"column":32},"end":{"line":70,"column":84}},{"start":{"line":70,"column":85},"end":{"line":70,"column":89}}]},"18":{"line":73,"type":"cond-expr","locations":[{"start":{"line":73,"column":32},"end":{"line":73,"column":88}},{"start":{"line":73,"column":89},"end":{"line":73,"column":93}}]},"19":{"line":83,"type":"if","locations":[{"start":{"line":83,"column":0},"end":{"line":83,"column":0}},{"start":{"line":83,"column":0},"end":{"line":83,"column":0}}]},"20":{"line":83,"type":"binary-expr","locations":[{"start":{"line":83,"column":3},"end":{"line":83,"column":23}},{"start":{"line":83,"column":25},"end":{"line":83,"column":54}}]},"21":{"line":87,"type":"if","locations":[{"start":{"line":87,"column":0},"end":{"line":87,"column":0}},{"start":{"line":87,"column":0},"end":{"line":87,"column":0}}]},"22":{"line":88,"type":"if","locations":[{"start":{"line":88,"column":0},"end":{"line":88,"column":0}},{"start":{"line":88,"column":0},"end":{"line":88,"column":0}}]},"23":{"line":99,"type":"binary-expr","locations":[{"start":{"line":99,"column":7},"end":{"line":99,"column":70}},{"start":{"line":100,"column":0},"end":{"line":100,"column":65}}]},"24":{"line":112,"type":"binary-expr","locations":[{"start":{"line":112,"column":7},"end":{"line":112,"column":71}},{"start":{"line":113,"column":0},"end":{"line":113,"column":65}}]},"25":{"line":119,"type":"cond-expr","locations":[{"start":{"line":119,"column":82},"end":{"line":119,"column":104}},{"start":{"line":119,"column":105},"end":{"line":119,"column":117}}]},"26":{"line":119,"type":"binary-expr","locations":[{"start":{"line":119,"column":36},"end":{"line":119,"column":55}},{"start":{"line":119,"column":57},"end":{"line":119,"column":81}}]},"27":{"line":123,"type":"cond-expr","locations":[{"start":{"line":123,"column":80},"end":{"line":123,"column":102}},{"start":{"line":123,"column":103},"end":{"line":123,"column":115}}]},"28":{"line":123,"type":"binary-expr","locations":[{"start":{"line":123,"column":34},"end":{"line":123,"column":53}},{"start":{"line":123,"column":55},"end":{"line":123,"column":79}}]}},"l":{"1":1,"4":1,"6":1,"7":1,"9":1,"10":1,"11":1,"14":1,"15":0,"21":1,"22":0,"23":0,"24":0,"26":0,"36":1,"37":0,"43":1,"44":0,"45":0,"47":0,"49":0,"50":0,"52":0,"53":0,"54":0,"56":0,"59":0,"60":0,"67":1,"68":0,"69":0,"70":0,"71":0,"73":0,"80":1,"81":0,"83":0,"84":0,"87":0,"88":0,"89":0,"91":0,"96":1,"97":0,"99":0,"105":1,"106":0,"109":1,"110":0,"112":0,"116":0,"119":1,"120":0,"123":1,"124":0,"127":1,"128":0}},
"/Users/kentor/GitProjects/jsair/ReactNativeApp/common/components/episodeCard/episodeTitle/EpisodeTitle.js":{"path":"/Users/kentor/GitProjects/jsair/ReactNativeApp/common/components/episodeCard/episodeTitle/EpisodeTitle.js","s":{"1":1,"2":1,"3":1,"4":1,"5":1,"6":1,"7":1,"8":1,"9":1,"10":1,"11":1,"12":1},"b":{"1":[0,1],"2":[1,1]},"f":{"1":1,"2":1},"fnMap":{"1":{"name":"_interopRequireDefault","line":11,"loc":{"start":{"line":11,"column":49},"end":{"line":11,"column":85}}},"2":{"name":"EpisodeTitle","line":13,"loc":{"start":{"line":13,"column":17},"end":{"line":13,"column":45}}}},"statementMap":{"1":{"start":{"line":1,"column":13},"end":{"line":1,"column":70}},"2":{"start":{"line":3,"column":0},"end":{"line":3,"column":28}},"3":{"start":{"line":3,"column":28},"end":{"line":3,"column":71}},"4":{"start":{"line":6,"column":0},"end":{"line":6,"column":41}},"5":{"start":{"line":11,"column":0},"end":{"line":11,"column":49}},"6":{"start":{"line":11,"column":49},"end":{"line":11,"column":132}},"7":{"start":{"line":11,"column":86},"end":{"line":11,"column":131}},"8":{"start":{"line":13,"column":0},"end":{"line":17,"column":24}},"9":{"start":{"line":14,"column":0},"end":{"line":17,"column":22}},"10":{"start":{"line":23,"column":0},"end":{"line":24,"column":49}},"11":{"start":{"line":27,"column":0},"end":{"line":40,"column":36}},"12":{"start":{"line":40,"column":36},"end":{"line":44,"column":13}}},"branchMap":{"1":{"line":11,"type":"cond-expr","locations":[{"start":{"line":11,"column":113},"end":{"line":11,"column":116}},{"start":{"line":11,"column":117},"end":{"line":11,"column":130}}]},"2":{"line":11,"type":"binary-expr","locations":[{"start":{"line":11,"column":93},"end":{"line":11,"column":96}},{"start":{"line":11,"column":98},"end":{"line":11,"column":112}}]}},"l":{"1":1,"3":1,"6":1,"11":1,"13":1,"14":1,"23":1,"27":1,"40":1}},
"/Users/kentor/GitProjects/jsair/ReactNativeApp/common/components/episodeCard/dateHeader/DateHeader.js":{"path":"/Users/kentor/GitProjects/jsair/ReactNativeApp/common/components/episodeCard/dateHeader/DateHeader.js","s":{"1":1,"2":1,"3":1,"4":1,"5":1,"6":1,"7":1,"8":1,"9":2,"10":1,"11":1,"12":1,"13":1,"14":1,"15":1,"16":1},"b":{"1":[0,2],"2":[2,2]},"f":{"1":2,"2":1},"fnMap":{"1":{"name":"_interopRequireDefault","line":12,"loc":{"start":{"line":12,"column":75},"end":{"line":12,"column":111}}},"2":{"name":"DateHeader","line":14,"loc":{"start":{"line":14,"column":15},"end":{"line":14,"column":41}}}},"statementMap":{"1":{"start":{"line":1,"column":13},"end":{"line":1,"column":70}},"2":{"start":{"line":3,"column":0},"end":{"line":3,"column":28}},"3":{"start":{"line":3,"column":28},"end":{"line":3,"column":71}},"4":{"start":{"line":6,"column":0},"end":{"line":6,"column":41}},"5":{"start":{"line":11,"column":0},"end":{"line":11,"column":49}},"6":{"start":{"line":12,"column":0},"end":{"line":12,"column":30}},"7":{"start":{"line":12,"column":30},"end":{"line":12,"column":75}},"8":{"start":{"line":12,"column":75},"end":{"line":12,"column":158}},"9":{"start":{"line":12,"column":112},"end":{"line":12,"column":157}},"10":{"start":{"line":14,"column":0},"end":{"line":19,"column":17}},"11":{"start":{"line":15,"column":0},"end":{"line":15,"column":93}},"12":{"start":{"line":16,"column":0},"end":{"line":19,"column":15}},"13":{"start":{"line":25,"column":0},"end":{"line":27,"column":36}},"14":{"start":{"line":30,"column":0},"end":{"line":31,"column":26}},"15":{"start":{"line":34,"column":0},"end":{"line":43,"column":38}},"16":{"start":{"line":43,"column":38},"end":{"line":47,"column":11}}},"branchMap":{"1":{"line":12,"type":"cond-expr","locations":[{"start":{"line":12,"column":139},"end":{"line":12,"column":142}},{"start":{"line":12,"column":143},"end":{"line":12,"column":156}}]},"2":{"line":12,"type":"binary-expr","locations":[{"start":{"line":12,"column":119},"end":{"line":12,"column":122}},{"start":{"line":12,"column":124},"end":{"line":12,"column":138}}]}},"l":{"1":1,"3":1,"6":1,"11":1,"12":2,"14":1,"15":1,"16":1,"25":1,"30":1,"34":1,"43":1}}}
