{
"/Users/kentor/GitProjects/jsair/ReactNativeApp/common/services/utils/utils.js":{"path":"/Users/kentor/GitProjects/jsair/ReactNativeApp/common/services/utils/utils.js","s":{"1":1,"2":1,"3":1,"4":1,"5":1,"6":1,"7":1,"8":1,"9":1,"10":1,"11":1,"12":0,"13":0,"14":0,"15":0,"16":0,"17":0,"18":0,"19":1,"20":0,"21":1,"22":0,"23":0,"24":0,"25":0,"26":1,"27":0,"28":1,"29":0,"30":0,"31":0,"32":0,"33":0,"34":0,"35":0,"36":0,"37":0,"38":0,"39":0,"40":0,"41":0,"42":0,"43":0,"44":0,"45":0,"46":0,"47":0,"48":0,"49":0,"50":0},"b":{"1":[0,1],"2":[1,1],"3":[0,1],"4":[1,1],"5":[0,0],"6":[0,0,0,0,0,0,0],"7":[0,0]},"f":{"1":1,"2":1,"3":0,"4":0,"5":0,"6":0,"7":0,"8":0},"fnMap":{"1":{"name":"_interopRequireDefault","line":3,"loc":{"start":{"line":3,"column":75},"end":{"line":3,"column":111}}},"2":{"name":"removeMarkdownLinksAndKeepTextOnly","line":5,"loc":{"start":{"line":5,"column":82},"end":{"line":5,"column":127}}},"3":{"name":"markdownLinksExtractor","line":9,"loc":{"start":{"line":9,"column":58},"end":{"line":9,"column":99}}},"4":{"name":"(anonymous_4)","line":14,"loc":{"start":{"line":14,"column":14},"end":{"line":14,"column":39}}},"5":{"name":"leftTrim","line":24,"loc":{"start":{"line":24,"column":30},"end":{"line":24,"column":57}}},"6":{"name":"isEmptyObject","line":28,"loc":{"start":{"line":28,"column":40},"end":{"line":28,"column":67}}},"7":{"name":"cleanEpisodeDate","line":37,"loc":{"start":{"line":37,"column":46},"end":{"line":37,"column":83}}},"8":{"name":"stripHTML","line":41,"loc":{"start":{"line":41,"column":32},"end":{"line":41,"column":61}}}},"statementMap":{"1":{"start":{"line":1,"column":13},"end":{"line":1,"column":70}},"2":{"start":{"line":1,"column":70},"end":{"line":1,"column":236}},"3":{"start":{"line":1,"column":236},"end":{"line":1,"column":261}},"4":{"start":{"line":3,"column":0},"end":{"line":3,"column":30}},"5":{"start":{"line":3,"column":30},"end":{"line":3,"column":75}},"6":{"start":{"line":3,"column":75},"end":{"line":3,"column":158}},"7":{"start":{"line":3,"column":112},"end":{"line":3,"column":157}},"8":{"start":{"line":5,"column":0},"end":{"line":6,"column":54}},"9":{"start":{"line":5,"column":128},"end":{"line":5,"column":201}},"10":{"start":{"line":6,"column":0},"end":{"line":6,"column":52}},"11":{"start":{"line":9,"column":0},"end":{"line":21,"column":15}},"12":{"start":{"line":10,"column":0},"end":{"line":10,"column":13}},"13":{"start":{"line":11,"column":0},"end":{"line":11,"column":45}},"14":{"start":{"line":14,"column":0},"end":{"line":17,"column":77}},"15":{"start":{"line":15,"column":0},"end":{"line":15,"column":46}},"16":{"start":{"line":17,"column":0},"end":{"line":17,"column":75}},"17":{"start":{"line":19,"column":0},"end":{"line":19,"column":51}},"18":{"start":{"line":21,"column":0},"end":{"line":21,"column":13}},"19":{"start":{"line":24,"column":0},"end":{"line":25,"column":37}},"20":{"start":{"line":25,"column":0},"end":{"line":25,"column":35}},"21":{"start":{"line":28,"column":0},"end":{"line":34,"column":14}},"22":{"start":{"line":29,"column":0},"end":{"line":31,"column":15}},"23":{"start":{"line":30,"column":0},"end":{"line":31,"column":14}},"24":{"start":{"line":31,"column":0},"end":{"line":31,"column":13}},"25":{"start":{"line":34,"column":0},"end":{"line":34,"column":12}},"26":{"start":{"line":37,"column":0},"end":{"line":38,"column":53}},"27":{"start":{"line":38,"column":0},"end":{"line":38,"column":51}},"28":{"start":{"line":41,"column":0},"end":{"line":74,"column":28}},"29":{"start":{"line":42,"column":0},"end":{"line":42,"column":32}},"30":{"start":{"line":43,"column":0},"end":{"line":43,"column":17}},"31":{"start":{"line":44,"column":0},"end":{"line":44,"column":15}},"32":{"start":{"line":45,"column":0},"end":{"line":45,"column":16}},"33":{"start":{"line":47,"column":0},"end":{"line":70,"column":30}},"34":{"start":{"line":48,"column":0},"end":{"line":70,"column":29}},"35":{"start":{"line":50,"column":0},"end":{"line":50,"column":11}},"36":{"start":{"line":51,"column":0},"end":{"line":51,"column":6}},"37":{"start":{"line":53,"column":0},"end":{"line":53,"column":11}},"38":{"start":{"line":54,"column":0},"end":{"line":54,"column":20}},"39":{"start":{"line":55,"column":0},"end":{"line":55,"column":6}},"40":{"start":{"line":57,"column":0},"end":{"line":57,"column":12}},"41":{"start":{"line":58,"column":0},"end":{"line":58,"column":6}},"42":{"start":{"line":60,"column":0},"end":{"line":60,"column":12}},"43":{"start":{"line":61,"column":0},"end":{"line":61,"column":6}},"44":{"start":{"line":63,"column":0},"end":{"line":63,"column":12}},"45":{"start":{"line":64,"column":0},"end":{"line":64,"column":6}},"46":{"start":{"line":66,"column":0},"end":{"line":66,"column":12}},"47":{"start":{"line":67,"column":0},"end":{"line":67,"column":6}},"48":{"start":{"line":69,"column":0},"end":{"line":70,"column":28}},"49":{"start":{"line":70,"column":0},"end":{"line":70,"column":27}},"50":{"start":{"line":74,"column":0},"end":{"line":74,"column":26}}},"branchMap":{"1":{"line":3,"type":"cond-expr","locations":[{"start":{"line":3,"column":139},"end":{"line":3,"column":142}},{"start":{"line":3,"column":143},"end":{"line":3,"column":156}}]},"2":{"line":3,"type":"binary-expr","locations":[{"start":{"line":3,"column":119},"end":{"line":3,"column":122}},{"start":{"line":3,"column":124},"end":{"line":3,"column":138}}]},"3":{"line":5,"type":"cond-expr","locations":[{"start":{"line":5,"column":185},"end":{"line":5,"column":187}},{"start":{"line":5,"column":188},"end":{"line":5,"column":200}}]},"4":{"line":5,"type":"binary-expr","locations":[{"start":{"line":5,"column":139},"end":{"line":5,"column":158}},{"start":{"line":5,"column":160},"end":{"line":5,"column":184}}]},"5":{"line":30,"type":"if","locations":[{"start":{"line":30,"column":0},"end":{"line":30,"column":0}},{"start":{"line":30,"column":0},"end":{"line":30,"column":0}}]},"6":{"line":48,"type":"switch","locations":[{"start":{"line":49,"column":0},"end":{"line":51,"column":6}},{"start":{"line":52,"column":0},"end":{"line":55,"column":6}},{"start":{"line":56,"column":0},"end":{"line":58,"column":6}},{"start":{"line":59,"column":0},"end":{"line":61,"column":6}},{"start":{"line":62,"column":0},"end":{"line":64,"column":6}},{"start":{"line":65,"column":0},"end":{"line":67,"column":6}},{"start":{"line":68,"column":0},"end":{"line":70,"column":28}}]},"7":{"line":69,"type":"if","locations":[{"start":{"line":69,"column":0},"end":{"line":69,"column":0}},{"start":{"line":69,"column":0},"end":{"line":69,"column":0}}]}},"l":{"1":1,"3":1,"5":1,"6":1,"9":1,"10":0,"11":0,"14":0,"15":0,"17":0,"19":0,"21":0,"24":1,"25":0,"28":1,"29":0,"30":0,"31":0,"34":0,"37":1,"38":0,"41":1,"42":0,"43":0,"44":0,"45":0,"47":0,"48":0,"50":0,"51":0,"53":0,"54":0,"55":0,"57":0,"58":0,"60":0,"61":0,"63":0,"64":0,"66":0,"67":0,"69":0,"70":0,"74":0}}}
