TN:
SF:/Users/kentor/GitProjects/jsair/ReactNativeApp/common/services/utils/utils.js
FN:3,_interopRequireDefault
FN:5,removeMarkdownLinksAndKeepTextOnly
FN:9,markdownLinksExtractor
FN:14,(anonymous_4)
FN:24,leftTrim
FN:28,isEmptyObject
FN:37,cleanEpisodeDate
FN:41,stripHTML
FNF:8
FNH:8
FNDA:1,_interopRequireDefault
FNDA:3,removeMarkdownLinksAndKeepTextOnly
FNDA:1,markdownLinksExtractor
FNDA:1,(anonymous_4)
FNDA:1,leftTrim
FNDA:4,isEmptyObject
FNDA:1,cleanEpisodeDate
FNDA:1,stripHTML
DA:1,1
DA:3,1
DA:5,3
DA:6,3
DA:9,1
DA:10,1
DA:11,1
DA:14,1
DA:15,1
DA:17,1
DA:19,1
DA:21,1
DA:24,1
DA:25,1
DA:28,1
DA:29,4
DA:30,3
DA:31,3
DA:34,1
DA:37,1
DA:38,1
DA:41,1
DA:42,1
DA:43,1
DA:44,1
DA:45,1
DA:47,1
DA:48,33
DA:50,2
DA:51,2
DA:53,2
DA:54,2
DA:55,2
DA:57,1
DA:58,1
DA:60,0
DA:61,0
DA:63,1
DA:64,1
DA:66,0
DA:67,0
DA:69,27
DA:70,17
DA:74,1
LF:44
LH:40
BRDA:3,1,0,0
BRDA:3,1,1,1
BRDA:3,2,0,1
BRDA:3,2,1,1
BRDA:5,3,0,0
BRDA:5,3,1,3
BRDA:5,4,0,3
BRDA:5,4,1,3
BRDA:30,5,0,3
BRDA:30,5,1,0
BRDA:48,6,0,2
BRDA:48,6,1,2
BRDA:48,6,2,1
BRDA:48,6,3,0
BRDA:48,6,4,1
BRDA:48,6,5,0
BRDA:48,6,6,27
BRDA:69,7,0,17
BRDA:69,7,1,10
BRF:19
BRH:14
end_of_record
TN:
SF:/Users/kentor/GitProjects/jsair/ReactNativeApp/common/redux/actions/connection.js
FN:6,_interopRequireDefault
FN:11,setConnected
FN:18,setNotConnected
FN:25,checkInitialConnectivity
FN:26,(anonymous_5)
FN:31,(anonymous_6)
FN:38,connectivityChange
FN:39,(anonymous_8)
FNF:8
FNH:5
FNDA:2,_interopRequireDefault
FNDA:1,setConnected
FNDA:1,setNotConnected
FNDA:0,checkInitialConnectivity
FNDA:0,(anonymous_5)
FNDA:0,(anonymous_6)
FNDA:2,connectivityChange
FNDA:2,(anonymous_8)
DA:1,1
DA:3,1
DA:4,1
DA:5,1
DA:6,2
DA:8,1
DA:9,1
DA:11,1
DA:12,1
DA:18,1
DA:19,1
DA:25,1
DA:26,0
DA:27,0
DA:32,0
DA:38,1
DA:39,2
DA:40,2
DA:41,1
DA:42,1
DA:44,1
DA:45,1
LF:22
LH:19
BRDA:6,1,0,0
BRDA:6,1,1,2
BRDA:6,2,0,2
BRDA:6,2,1,2
BRDA:11,3,0,1
BRDA:11,3,1,0
BRDA:11,4,0,1
BRDA:11,4,1,0
BRDA:18,5,0,1
BRDA:18,5,1,0
BRDA:18,6,0,1
BRDA:18,6,1,0
BRDA:40,7,0,1
BRDA:40,7,1,1
BRDA:41,8,0,0
BRDA:41,8,1,1
BRDA:44,9,0,0
BRDA:44,9,1,1
BRF:18
BRH:11
end_of_record
TN:
SF:/Users/kentor/GitProjects/jsair/ReactNativeApp/common/config/index.js
FN:5,_interopRequireDefault
FNF:1
FNH:1
FNDA:3,_interopRequireDefault
DA:1,3
DA:3,3
DA:4,3
DA:5,3
DA:8,3
DA:9,3
LF:6
LH:6
BRDA:5,1,0,3
BRDA:5,1,1,0
BRDA:5,2,0,3
BRDA:5,2,1,3
BRF:4
BRH:3
end_of_record
TN:
SF:/Users/kentor/GitProjects/jsair/ReactNativeApp/common/config/routes/app.routes.js
FN:1,(anonymous_1)
FN:1,defineProperties
FN:1,(anonymous_3)
FN:1,_classCallCheck
FN:51,(anonymous_5)
FN:51,AppRoutesClass
FN:51,getRouteFromRouteId
FN:53,(anonymous_8)
FN:58,getAllRoutes
FNF:9
FNH:6
FNDA:3,(anonymous_1)
FNDA:3,defineProperties
FNDA:3,(anonymous_3)
FNDA:3,_classCallCheck
FNDA:3,(anonymous_5)
FNDA:3,AppRoutesClass
FNDA:0,getRouteFromRouteId
FNDA:0,(anonymous_8)
FNDA:0,getAllRoutes
DA:1,6
DA:3,3
DA:45,3
DA:51,3
DA:53,0
DA:54,0
DA:55,0
DA:58,0
DA:62,3
DA:67,3
LF:10
LH:6
BRDA:1,1,0,6
BRDA:1,1,1,6
BRDA:1,2,0,6
BRDA:1,2,1,0
BRDA:1,3,0,3
BRDA:1,3,1,0
BRDA:1,4,0,0
BRDA:1,4,1,3
BRDA:1,5,0,0
BRDA:1,5,1,3
BRDA:54,6,0,0
BRDA:54,6,1,0
BRF:12
BRH:6
end_of_record
TN:
SF:/Users/kentor/GitProjects/jsair/ReactNativeApp/common/config/appColors/AppColors.js
FNF:0
FNH:0
DA:1,3
LF:1
LH:1
BRF:0
BRH:0
end_of_record
TN:
SF:/Users/kentor/GitProjects/jsair/ReactNativeApp/common/config/appConfig/AppConfig.js
FNF:0
FNH:0
DA:1,3
DA:3,3
LF:2
LH:2
BRF:0
BRH:0
end_of_record
TN:
SF:/Users/kentor/GitProjects/jsair/ReactNativeApp/__mocks__/react-native.js
FN:1,(anonymous_1)
FN:1,defineProperties
FN:1,(anonymous_3)
FN:1,(anonymous_4)
FN:3,_interopRequireDefault
FN:3,_classCallCheck
FN:3,_possibleConstructorReturn
FN:3,_inherits
FN:7,get
FN:18,create
FN:33,(anonymous_11)
FN:33,View
FN:33,render
FN:39,(anonymous_14)
FN:39,ListView
FN:39,render
FN:45,(anonymous_17)
FN:45,AppRegistry
FN:45,registerComponent
FNF:19
FNH:10
FNDA:4,(anonymous_1)
FNDA:12,defineProperties
FNDA:12,(anonymous_3)
FNDA:0,(anonymous_4)
FNDA:4,_interopRequireDefault
FNDA:0,_classCallCheck
FNDA:0,_possibleConstructorReturn
FNDA:8,_inherits
FNDA:1,get
FNDA:2,create
FNDA:4,(anonymous_11)
FNDA:0,View
FNDA:0,render
FNDA:4,(anonymous_14)
FNDA:0,ListView
FNDA:0,render
FNDA:4,(anonymous_17)
FNDA:0,AppRegistry
FNDA:0,registerComponent
DA:1,12
DA:3,8
DA:4,4
DA:6,4
DA:8,1
DA:15,4
DA:17,4
DA:19,2
DA:31,4
DA:33,4
DA:35,4
DA:39,4
DA:41,4
DA:45,4
DA:46,4
DA:51,4
DA:52,4
DA:53,4
DA:54,4
DA:55,4
DA:56,4
DA:57,4
DA:58,4
DA:59,4
DA:60,4
DA:61,4
LF:26
LH:26
BRDA:1,1,0,12
BRDA:1,1,1,12
BRDA:1,2,0,12
BRDA:1,2,1,0
BRDA:1,3,0,8
BRDA:1,3,1,4
BRDA:1,4,0,4
BRDA:1,4,1,8
BRDA:1,5,0,4
BRDA:1,5,1,0
BRDA:1,6,0,0
BRDA:1,6,1,0
BRDA:3,7,0,0
BRDA:3,7,1,4
BRDA:3,8,0,4
BRDA:3,8,1,4
BRDA:3,9,0,0
BRDA:3,9,1,0
BRDA:3,10,0,0
BRDA:3,10,1,0
BRDA:3,11,0,0
BRDA:3,11,1,0
BRDA:3,12,0,0
BRDA:3,12,1,0
BRDA:3,12,2,0
BRDA:3,13,0,0
BRDA:3,13,1,8
BRDA:3,14,0,8
BRDA:3,14,1,0
BRDA:3,15,0,8
BRDA:3,15,1,8
BRDA:3,16,0,8
BRDA:3,16,1,0
BRDA:3,17,0,8
BRDA:3,17,1,0
BRF:35
BRH:17
end_of_record
TN:
SF:/Users/kentor/GitProjects/jsair/ReactNativeApp/common/components/episodeCard/episodeButton/EpisodeButton.js
FN:12,_interopRequireDefault
FN:16,EpisodeButton
FNF:2
FNH:2
FNDA:1,_interopRequireDefault
FNDA:1,EpisodeButton
DA:1,1
DA:3,1
DA:6,1
DA:12,1
DA:14,1
DA:16,1
DA:17,1
DA:29,1
DA:34,1
DA:44,1
LF:10
LH:10
BRDA:12,1,0,0
BRDA:12,1,1,1
BRDA:12,2,0,1
BRDA:12,2,1,1
BRF:4
BRH:3
end_of_record
TN:
SF:/Users/kentor/GitProjects/jsair/ReactNativeApp/common/components/button/Button.js
FN:1,(anonymous_1)
FN:1,defineProperties
FN:1,(anonymous_3)
FN:7,_interopRequireDefault
FN:7,_classCallCheck
FN:7,_possibleConstructorReturn
FN:7,_inherits
FN:13,(anonymous_8)
FN:13,Button
FN:13,handlePress
FN:16,render
FN:24,onPress
FNF:12
FNH:10
FNDA:1,(anonymous_1)
FNDA:1,defineProperties
FNDA:1,(anonymous_3)
FNDA:1,_interopRequireDefault
FNDA:1,_classCallCheck
FNDA:1,_possibleConstructorReturn
FNDA:1,_inherits
FNDA:1,(anonymous_8)
FNDA:1,Button
FNDA:0,handlePress
FNDA:2,render
FNDA:0,onPress
DA:1,2
DA:3,1
DA:7,1
DA:13,1
DA:16,0
DA:19,2
DA:20,2
DA:24,0
DA:26,1
DA:35,1
DA:38,1
LF:11
LH:9
BRDA:1,1,0,2
BRDA:1,1,1,2
BRDA:1,2,0,2
BRDA:1,2,1,0
BRDA:1,3,0,1
BRDA:1,3,1,0
BRDA:1,4,0,0
BRDA:1,4,1,1
BRDA:7,5,0,0
BRDA:7,5,1,1
BRDA:7,6,0,1
BRDA:7,6,1,1
BRDA:7,7,0,0
BRDA:7,7,1,1
BRDA:7,8,0,0
BRDA:7,8,1,1
BRDA:7,9,0,0
BRDA:7,9,1,1
BRDA:7,10,0,1
BRDA:7,10,1,0
BRDA:7,10,2,0
BRDA:7,11,0,0
BRDA:7,11,1,1
BRDA:7,12,0,1
BRDA:7,12,1,0
BRDA:7,13,0,1
BRDA:7,13,1,1
BRDA:7,14,0,1
BRDA:7,14,1,0
BRDA:7,15,0,1
BRDA:7,15,1,0
BRF:31
BRH:18
end_of_record
TN:
SF:/Users/kentor/GitProjects/jsair/ReactNativeApp/common/components/episodeCard/dateHeader/DateHeader.js
FN:12,_interopRequireDefault
FN:14,DateHeader
FNF:2
FNH:2
FNDA:2,_interopRequireDefault
FNDA:1,DateHeader
DA:1,1
DA:3,1
DA:6,1
DA:11,1
DA:12,2
DA:14,1
DA:15,1
DA:16,1
DA:25,1
DA:30,1
DA:34,1
DA:43,1
LF:12
LH:12
BRDA:12,1,0,0
BRDA:12,1,1,2
BRDA:12,2,0,2
BRDA:12,2,1,2
BRF:4
BRH:3
end_of_record
