TN:
SF:/Users/kentor/GitProjects/jsair/ReactNativeApp/common/services/utils/utils.js
FN:3,_interopRequireDefault
FN:5,removeMarkdownLinksAndKeepTextOnly
FN:9,markdownLinksExtractor
FN:14,(anonymous_4)
FN:24,leftTrim
FN:28,isEmptyObject
FN:37,cleanEpisodeDate
FN:41,stripHTML
FNF:8
FNH:2
FNDA:1,_interopRequireDefault
FNDA:1,removeMarkdownLinksAndKeepTextOnly
FNDA:0,markdownLinksExtractor
FNDA:0,(anonymous_4)
FNDA:0,leftTrim
FNDA:0,isEmptyObject
FNDA:0,cleanEpisodeDate
FNDA:0,stripHTML
DA:1,1
DA:3,1
DA:5,1
DA:6,1
DA:9,1
DA:10,0
DA:11,0
DA:14,0
DA:15,0
DA:17,0
DA:19,0
DA:21,0
DA:24,1
DA:25,0
DA:28,1
DA:29,0
DA:30,0
DA:31,0
DA:34,0
DA:37,1
DA:38,0
DA:41,1
DA:42,0
DA:43,0
DA:44,0
DA:45,0
DA:47,0
DA:48,0
DA:50,0
DA:51,0
DA:53,0
DA:54,0
DA:55,0
DA:57,0
DA:58,0
DA:60,0
DA:61,0
DA:63,0
DA:64,0
DA:66,0
DA:67,0
DA:69,0
DA:70,0
DA:74,0
LF:44
LH:9
BRDA:3,1,0,0
BRDA:3,1,1,1
BRDA:3,2,0,1
BRDA:3,2,1,1
BRDA:5,3,0,0
BRDA:5,3,1,1
BRDA:5,4,0,1
BRDA:5,4,1,1
BRDA:30,5,0,0
BRDA:30,5,1,0
BRDA:48,6,0,0
BRDA:48,6,1,0
BRDA:48,6,2,0
BRDA:48,6,3,0
BRDA:48,6,4,0
BRDA:48,6,5,0
BRDA:48,6,6,0
BRDA:69,7,0,0
BRDA:69,7,1,0
BRF:19
BRH:6
end_of_record
